{"C:\\Users\\Admin\\Documents\\hacktiv8\\phase2\\myproject\\spotai-backend\\models\\index.js": {"path":"C:\\Users\\Admin\\Documents\\hacktiv8\\phase2\\myproject\\spotai-backend\\models\\index.js","statementMap":{"0":{"start":{"line":3,"column":11},"end":{"line":3,"column":24}},"1":{"start":{"line":4,"column":13},"end":{"line":4,"column":28}},"2":{"start":{"line":5,"column":18},"end":{"line":5,"column":38}},"3":{"start":{"line":6,"column":16},"end":{"line":6,"column":34}},"4":{"start":{"line":7,"column":17},"end":{"line":7,"column":42}},"5":{"start":{"line":8,"column":12},"end":{"line":8,"column":49}},"6":{"start":{"line":9,"column":15},"end":{"line":9,"column":65}},"7":{"start":{"line":10,"column":11},"end":{"line":10,"column":13}},"8":{"start":{"line":13,"column":0},"end":{"line":17,"column":1}},"9":{"start":{"line":14,"column":2},"end":{"line":14,"column":74}},"10":{"start":{"line":16,"column":2},"end":{"line":16,"column":87}},"11":{"start":{"line":19,"column":0},"end":{"line":32,"column":5}},"12":{"start":{"line":22,"column":4},"end":{"line":27,"column":6}},"13":{"start":{"line":30,"column":18},"end":{"line":30,"column":85}},"14":{"start":{"line":31,"column":4},"end":{"line":31,"column":27}},"15":{"start":{"line":34,"column":0},"end":{"line":38,"column":3}},"16":{"start":{"line":35,"column":2},"end":{"line":37,"column":3}},"17":{"start":{"line":36,"column":4},"end":{"line":36,"column":32}},"18":{"start":{"line":40,"column":0},"end":{"line":40,"column":25}},"19":{"start":{"line":41,"column":0},"end":{"line":41,"column":25}},"20":{"start":{"line":43,"column":0},"end":{"line":43,"column":20}}},"fnMap":{"0":{"name":"(anonymous_0)","decl":{"start":{"line":21,"column":10},"end":{"line":21,"column":11}},"loc":{"start":{"line":21,"column":18},"end":{"line":28,"column":3}},"line":21},"1":{"name":"(anonymous_1)","decl":{"start":{"line":29,"column":11},"end":{"line":29,"column":12}},"loc":{"start":{"line":29,"column":19},"end":{"line":32,"column":3}},"line":29},"2":{"name":"(anonymous_2)","decl":{"start":{"line":34,"column":24},"end":{"line":34,"column":25}},"loc":{"start":{"line":34,"column":37},"end":{"line":38,"column":1}},"line":34}},"branchMap":{"0":{"loc":{"start":{"line":8,"column":12},"end":{"line":8,"column":49}},"type":"binary-expr","locations":[{"start":{"line":8,"column":12},"end":{"line":8,"column":32}},{"start":{"line":8,"column":36},"end":{"line":8,"column":49}}],"line":8},"1":{"loc":{"start":{"line":13,"column":0},"end":{"line":17,"column":1}},"type":"if","locations":[{"start":{"line":13,"column":0},"end":{"line":17,"column":1}},{"start":{"line":15,"column":7},"end":{"line":17,"column":1}}],"line":13},"2":{"loc":{"start":{"line":23,"column":6},"end":{"line":26,"column":37}},"type":"binary-expr","locations":[{"start":{"line":23,"column":6},"end":{"line":23,"column":29}},{"start":{"line":24,"column":6},"end":{"line":24,"column":23}},{"start":{"line":25,"column":6},"end":{"line":25,"column":30}},{"start":{"line":26,"column":6},"end":{"line":26,"column":37}}],"line":23},"3":{"loc":{"start":{"line":35,"column":2},"end":{"line":37,"column":3}},"type":"if","locations":[{"start":{"line":35,"column":2},"end":{"line":37,"column":3}},{"start":{},"end":{}}],"line":35}},"s":{"0":4,"1":4,"2":4,"3":4,"4":4,"5":4,"6":4,"7":4,"8":4,"9":0,"10":4,"11":4,"12":16,"13":12,"14":12,"15":4,"16":12,"17":12,"18":4,"19":4,"20":4},"f":{"0":16,"1":12,"2":12},"b":{"0":[4,0],"1":[0,4],"2":[16,16,12,12],"3":[12,0]},"_coverageSchema":"1a1c01bbd47fc00a2c39e90264f33305004495a9","hash":"4b9f8462ac6ebdd9f510d21c0ff85620ecfab7d6"}
,"C:\\Users\\Admin\\Documents\\hacktiv8\\phase2\\myproject\\spotai-backend\\models\\playlist.js": {"path":"C:\\Users\\Admin\\Documents\\hacktiv8\\phase2\\myproject\\spotai-backend\\models\\playlist.js","statementMap":{"0":{"start":{"line":2,"column":18},"end":{"line":2,"column":38}},"1":{"start":{"line":4,"column":0},"end":{"line":37,"column":2}},"2":{"start":{"line":7,"column":6},"end":{"line":10,"column":9}},"3":{"start":{"line":11,"column":6},"end":{"line":14,"column":9}},"4":{"start":{"line":18,"column":2},"end":{"line":34,"column":5}},"5":{"start":{"line":36,"column":2},"end":{"line":36,"column":18}}},"fnMap":{"0":{"name":"(anonymous_0)","decl":{"start":{"line":4,"column":17},"end":{"line":4,"column":18}},"loc":{"start":{"line":4,"column":43},"end":{"line":37,"column":1}},"line":4},"1":{"name":"(anonymous_1)","decl":{"start":{"line":6,"column":4},"end":{"line":6,"column":5}},"loc":{"start":{"line":6,"column":29},"end":{"line":15,"column":5}},"line":6}},"branchMap":{},"s":{"0":4,"1":4,"2":4,"3":4,"4":4,"5":4},"f":{"0":4,"1":4},"b":{},"_coverageSchema":"1a1c01bbd47fc00a2c39e90264f33305004495a9","hash":"f40ec0a17cb3ab2392c4d620aec3a2a95fd7ea46"}
,"C:\\Users\\Admin\\Documents\\hacktiv8\\phase2\\myproject\\spotai-backend\\models\\song.js": {"path":"C:\\Users\\Admin\\Documents\\hacktiv8\\phase2\\myproject\\spotai-backend\\models\\song.js","statementMap":{"0":{"start":{"line":2,"column":18},"end":{"line":2,"column":38}},"1":{"start":{"line":4,"column":0},"end":{"line":38,"column":2}},"2":{"start":{"line":7,"column":6},"end":{"line":10,"column":9}},"3":{"start":{"line":14,"column":2},"end":{"line":35,"column":5}},"4":{"start":{"line":37,"column":2},"end":{"line":37,"column":14}}},"fnMap":{"0":{"name":"(anonymous_0)","decl":{"start":{"line":4,"column":17},"end":{"line":4,"column":18}},"loc":{"start":{"line":4,"column":43},"end":{"line":38,"column":1}},"line":4},"1":{"name":"(anonymous_1)","decl":{"start":{"line":6,"column":4},"end":{"line":6,"column":5}},"loc":{"start":{"line":6,"column":29},"end":{"line":11,"column":5}},"line":6}},"branchMap":{},"s":{"0":4,"1":4,"2":4,"3":4,"4":4},"f":{"0":4,"1":4},"b":{},"_coverageSchema":"1a1c01bbd47fc00a2c39e90264f33305004495a9","hash":"4751b6096e4503035ad3be08c79765e38fbb363e"}
,"C:\\Users\\Admin\\Documents\\hacktiv8\\phase2\\myproject\\spotai-backend\\models\\user.js": {"path":"C:\\Users\\Admin\\Documents\\hacktiv8\\phase2\\myproject\\spotai-backend\\models\\user.js","statementMap":{"0":{"start":{"line":2,"column":18},"end":{"line":2,"column":38}},"1":{"start":{"line":4,"column":0},"end":{"line":43,"column":2}},"2":{"start":{"line":7,"column":6},"end":{"line":10,"column":9}},"3":{"start":{"line":14,"column":2},"end":{"line":40,"column":5}},"4":{"start":{"line":42,"column":2},"end":{"line":42,"column":14}}},"fnMap":{"0":{"name":"(anonymous_0)","decl":{"start":{"line":4,"column":17},"end":{"line":4,"column":18}},"loc":{"start":{"line":4,"column":43},"end":{"line":43,"column":1}},"line":4},"1":{"name":"(anonymous_1)","decl":{"start":{"line":6,"column":4},"end":{"line":6,"column":5}},"loc":{"start":{"line":6,"column":29},"end":{"line":11,"column":5}},"line":6}},"branchMap":{},"s":{"0":4,"1":4,"2":4,"3":4,"4":4},"f":{"0":4,"1":4},"b":{},"_coverageSchema":"1a1c01bbd47fc00a2c39e90264f33305004495a9","hash":"4fb459f579986fd2cccdb9ec81277fc4b78feb27"}
,"C:\\Users\\Admin\\Documents\\hacktiv8\\phase2\\myproject\\spotai-backend\\src\\app.js": {"path":"C:\\Users\\Admin\\Documents\\hacktiv8\\phase2\\myproject\\spotai-backend\\src\\app.js","statementMap":{"0":{"start":{"line":1,"column":16},"end":{"line":1,"column":34}},"1":{"start":{"line":2,"column":13},"end":{"line":2,"column":28}},"2":{"start":{"line":3,"column":21},"end":{"line":3,"column":58}},"3":{"start":{"line":5,"column":12},"end":{"line":5,"column":21}},"4":{"start":{"line":8,"column":23},"end":{"line":8,"column":90}},"5":{"start":{"line":9,"column":0},"end":{"line":20,"column":4}},"6":{"start":{"line":12,"column":4},"end":{"line":12,"column":45}},"7":{"start":{"line":12,"column":17},"end":{"line":12,"column":45}},"8":{"start":{"line":13,"column":4},"end":{"line":17,"column":5}},"9":{"start":{"line":14,"column":6},"end":{"line":14,"column":27}},"10":{"start":{"line":16,"column":6},"end":{"line":16,"column":49}},"11":{"start":{"line":21,"column":0},"end":{"line":21,"column":24}},"12":{"start":{"line":22,"column":0},"end":{"line":22,"column":48}},"13":{"start":{"line":25,"column":0},"end":{"line":27,"column":3}},"14":{"start":{"line":26,"column":2},"end":{"line":26,"column":50}},"15":{"start":{"line":29,"column":0},"end":{"line":29,"column":53}},"16":{"start":{"line":30,"column":0},"end":{"line":30,"column":62}},"17":{"start":{"line":31,"column":0},"end":{"line":31,"column":54}},"18":{"start":{"line":32,"column":0},"end":{"line":32,"column":49}},"19":{"start":{"line":33,"column":0},"end":{"line":33,"column":59}},"20":{"start":{"line":36,"column":0},"end":{"line":36,"column":22}},"21":{"start":{"line":39,"column":0},"end":{"line":44,"column":1}},"22":{"start":{"line":40,"column":15},"end":{"line":40,"column":39}},"23":{"start":{"line":41,"column":2},"end":{"line":43,"column":5}},"24":{"start":{"line":42,"column":4},"end":{"line":42,"column":57}},"25":{"start":{"line":46,"column":0},"end":{"line":46,"column":21}}},"fnMap":{"0":{"name":"(anonymous_0)","decl":{"start":{"line":10,"column":10},"end":{"line":10,"column":11}},"loc":{"start":{"line":10,"column":32},"end":{"line":18,"column":3}},"line":10},"1":{"name":"(anonymous_1)","decl":{"start":{"line":25,"column":13},"end":{"line":25,"column":14}},"loc":{"start":{"line":25,"column":27},"end":{"line":27,"column":1}},"line":25},"2":{"name":"(anonymous_2)","decl":{"start":{"line":41,"column":19},"end":{"line":41,"column":20}},"loc":{"start":{"line":41,"column":25},"end":{"line":43,"column":3}},"line":41}},"branchMap":{"0":{"loc":{"start":{"line":12,"column":4},"end":{"line":12,"column":45}},"type":"if","locations":[{"start":{"line":12,"column":4},"end":{"line":12,"column":45}},{"start":{},"end":{}}],"line":12},"1":{"loc":{"start":{"line":13,"column":4},"end":{"line":17,"column":5}},"type":"if","locations":[{"start":{"line":13,"column":4},"end":{"line":17,"column":5}},{"start":{"line":15,"column":11},"end":{"line":17,"column":5}}],"line":13},"2":{"loc":{"start":{"line":39,"column":0},"end":{"line":44,"column":1}},"type":"if","locations":[{"start":{"line":39,"column":0},"end":{"line":44,"column":1}},{"start":{},"end":{}}],"line":39},"3":{"loc":{"start":{"line":40,"column":15},"end":{"line":40,"column":39}},"type":"binary-expr","locations":[{"start":{"line":40,"column":15},"end":{"line":40,"column":31}},{"start":{"line":40,"column":35},"end":{"line":40,"column":39}}],"line":40}},"s":{"0":4,"1":4,"2":4,"3":4,"4":4,"5":4,"6":33,"7":33,"8":0,"9":0,"10":0,"11":4,"12":4,"13":4,"14":0,"15":4,"16":4,"17":4,"18":4,"19":4,"20":4,"21":4,"22":0,"23":0,"24":0,"25":4},"f":{"0":33,"1":0,"2":0},"b":{"0":[33,0],"1":[0,0],"2":[0,4],"3":[0,0]},"_coverageSchema":"1a1c01bbd47fc00a2c39e90264f33305004495a9","hash":"8942215b432543caba520e1f22a3bb51dad51677"}
,"C:\\Users\\Admin\\Documents\\hacktiv8\\phase2\\myproject\\spotai-backend\\src\\controllers\\aiController.js": {"path":"C:\\Users\\Admin\\Documents\\hacktiv8\\phase2\\myproject\\spotai-backend\\src\\controllers\\aiController.js","statementMap":{"0":{"start":{"line":1,"column":22},"end":{"line":1,"column":58}},"1":{"start":{"line":2,"column":27},"end":{"line":2,"column":47}},"2":{"start":{"line":7,"column":4},"end":{"line":42,"column":5}},"3":{"start":{"line":8,"column":29},"end":{"line":8,"column":39}},"4":{"start":{"line":10,"column":23},"end":{"line":15,"column":8}},"5":{"start":{"line":17,"column":6},"end":{"line":19,"column":7}},"6":{"start":{"line":18,"column":8},"end":{"line":18,"column":66}},"7":{"start":{"line":21,"column":6},"end":{"line":23,"column":7}},"8":{"start":{"line":22,"column":8},"end":{"line":22,"column":71}},"9":{"start":{"line":25,"column":6},"end":{"line":27,"column":7}},"10":{"start":{"line":26,"column":8},"end":{"line":26,"column":86}},"11":{"start":{"line":30,"column":6},"end":{"line":30,"column":126}},"12":{"start":{"line":32,"column":26},"end":{"line":35,"column":7}},"13":{"start":{"line":37,"column":6},"end":{"line":37,"column":60}},"14":{"start":{"line":39,"column":6},"end":{"line":39,"column":44}},"15":{"start":{"line":41,"column":6},"end":{"line":41,"column":18}},"16":{"start":{"line":47,"column":4},"end":{"line":82,"column":5}},"17":{"start":{"line":48,"column":29},"end":{"line":48,"column":39}},"18":{"start":{"line":50,"column":23},"end":{"line":55,"column":8}},"19":{"start":{"line":57,"column":6},"end":{"line":59,"column":7}},"20":{"start":{"line":58,"column":8},"end":{"line":58,"column":66}},"21":{"start":{"line":61,"column":6},"end":{"line":63,"column":7}},"22":{"start":{"line":62,"column":8},"end":{"line":62,"column":71}},"23":{"start":{"line":65,"column":6},"end":{"line":67,"column":7}},"24":{"start":{"line":66,"column":8},"end":{"line":66,"column":86}},"25":{"start":{"line":70,"column":6},"end":{"line":70,"column":118}},"26":{"start":{"line":72,"column":19},"end":{"line":72,"column":66}},"27":{"start":{"line":75,"column":6},"end":{"line":75,"column":55}},"28":{"start":{"line":77,"column":6},"end":{"line":77,"column":38}},"29":{"start":{"line":79,"column":6},"end":{"line":79,"column":37}},"30":{"start":{"line":81,"column":6},"end":{"line":81,"column":18}},"31":{"start":{"line":87,"column":4},"end":{"line":99,"column":5}},"32":{"start":{"line":88,"column":23},"end":{"line":88,"column":32}},"33":{"start":{"line":90,"column":6},"end":{"line":92,"column":7}},"34":{"start":{"line":91,"column":8},"end":{"line":91,"column":76}},"35":{"start":{"line":94,"column":30},"end":{"line":94,"column":77}},"36":{"start":{"line":96,"column":6},"end":{"line":96,"column":48}},"37":{"start":{"line":98,"column":6},"end":{"line":98,"column":18}},"38":{"start":{"line":103,"column":0},"end":{"line":103,"column":30}}},"fnMap":{"0":{"name":"(anonymous_0)","decl":{"start":{"line":6,"column":2},"end":{"line":6,"column":3}},"loc":{"start":{"line":6,"column":51},"end":{"line":43,"column":3}},"line":6},"1":{"name":"(anonymous_1)","decl":{"start":{"line":46,"column":2},"end":{"line":46,"column":3}},"loc":{"start":{"line":46,"column":43},"end":{"line":83,"column":3}},"line":46},"2":{"name":"(anonymous_2)","decl":{"start":{"line":86,"column":2},"end":{"line":86,"column":3}},"loc":{"start":{"line":86,"column":50},"end":{"line":100,"column":3}},"line":86}},"branchMap":{"0":{"loc":{"start":{"line":17,"column":6},"end":{"line":19,"column":7}},"type":"if","locations":[{"start":{"line":17,"column":6},"end":{"line":19,"column":7}},{"start":{},"end":{}}],"line":17},"1":{"loc":{"start":{"line":21,"column":6},"end":{"line":23,"column":7}},"type":"if","locations":[{"start":{"line":21,"column":6},"end":{"line":23,"column":7}},{"start":{},"end":{}}],"line":21},"2":{"loc":{"start":{"line":25,"column":6},"end":{"line":27,"column":7}},"type":"if","locations":[{"start":{"line":25,"column":6},"end":{"line":27,"column":7}},{"start":{},"end":{}}],"line":25},"3":{"loc":{"start":{"line":57,"column":6},"end":{"line":59,"column":7}},"type":"if","locations":[{"start":{"line":57,"column":6},"end":{"line":59,"column":7}},{"start":{},"end":{}}],"line":57},"4":{"loc":{"start":{"line":61,"column":6},"end":{"line":63,"column":7}},"type":"if","locations":[{"start":{"line":61,"column":6},"end":{"line":63,"column":7}},{"start":{},"end":{}}],"line":61},"5":{"loc":{"start":{"line":65,"column":6},"end":{"line":67,"column":7}},"type":"if","locations":[{"start":{"line":65,"column":6},"end":{"line":67,"column":7}},{"start":{},"end":{}}],"line":65},"6":{"loc":{"start":{"line":90,"column":6},"end":{"line":92,"column":7}},"type":"if","locations":[{"start":{"line":90,"column":6},"end":{"line":92,"column":7}},{"start":{},"end":{}}],"line":90}},"s":{"0":4,"1":4,"2":3,"3":3,"4":3,"5":3,"6":1,"7":2,"8":0,"9":2,"10":0,"11":2,"12":2,"13":1,"14":1,"15":2,"16":4,"17":4,"18":4,"19":4,"20":1,"21":3,"22":0,"23":3,"24":1,"25":2,"26":2,"27":2,"28":2,"29":2,"30":2,"31":0,"32":0,"33":0,"34":0,"35":0,"36":0,"37":0,"38":4},"f":{"0":3,"1":4,"2":0},"b":{"0":[1,2],"1":[0,2],"2":[0,2],"3":[1,3],"4":[0,3],"5":[1,2],"6":[0,0]},"_coverageSchema":"1a1c01bbd47fc00a2c39e90264f33305004495a9","hash":"4db2e64e151b6672e9dab08d92b46f09f6aa6a35"}
,"C:\\Users\\Admin\\Documents\\hacktiv8\\phase2\\myproject\\spotai-backend\\src\\controllers\\authController.js": {"path":"C:\\Users\\Admin\\Documents\\hacktiv8\\phase2\\myproject\\spotai-backend\\src\\controllers\\authController.js","statementMap":{"0":{"start":{"line":1,"column":20},"end":{"line":1,"column":54}},"1":{"start":{"line":6,"column":4},"end":{"line":11,"column":5}},"2":{"start":{"line":7,"column":18},"end":{"line":7,"column":48}},"3":{"start":{"line":8,"column":6},"end":{"line":8,"column":36}},"4":{"start":{"line":10,"column":6},"end":{"line":10,"column":18}},"5":{"start":{"line":16,"column":4},"end":{"line":39,"column":5}},"6":{"start":{"line":17,"column":23},"end":{"line":17,"column":32}},"7":{"start":{"line":19,"column":6},"end":{"line":21,"column":7}},"8":{"start":{"line":20,"column":8},"end":{"line":20,"column":81}},"9":{"start":{"line":24,"column":41},"end":{"line":24,"column":80}},"10":{"start":{"line":27,"column":25},"end":{"line":27,"column":80}},"11":{"start":{"line":30,"column":19},"end":{"line":30,"column":65}},"12":{"start":{"line":33,"column":20},"end":{"line":33,"column":51}},"13":{"start":{"line":36,"column":6},"end":{"line":36,"column":79}},"14":{"start":{"line":38,"column":6},"end":{"line":38,"column":18}},"15":{"start":{"line":44,"column":4},"end":{"line":53,"column":5}},"16":{"start":{"line":45,"column":23},"end":{"line":45,"column":43}},"17":{"start":{"line":46,"column":19},"end":{"line":48,"column":8}},"18":{"start":{"line":50,"column":6},"end":{"line":50,"column":33}},"19":{"start":{"line":52,"column":6},"end":{"line":52,"column":18}},"20":{"start":{"line":57,"column":0},"end":{"line":57,"column":32}}},"fnMap":{"0":{"name":"(anonymous_0)","decl":{"start":{"line":5,"column":2},"end":{"line":5,"column":3}},"loc":{"start":{"line":5,"column":44},"end":{"line":12,"column":3}},"line":5},"1":{"name":"(anonymous_1)","decl":{"start":{"line":15,"column":2},"end":{"line":15,"column":3}},"loc":{"start":{"line":15,"column":46},"end":{"line":40,"column":3}},"line":15},"2":{"name":"(anonymous_2)","decl":{"start":{"line":43,"column":2},"end":{"line":43,"column":3}},"loc":{"start":{"line":43,"column":46},"end":{"line":54,"column":3}},"line":43}},"branchMap":{"0":{"loc":{"start":{"line":19,"column":6},"end":{"line":21,"column":7}},"type":"if","locations":[{"start":{"line":19,"column":6},"end":{"line":21,"column":7}},{"start":{},"end":{}}],"line":19}},"s":{"0":4,"1":1,"2":1,"3":1,"4":0,"5":0,"6":0,"7":0,"8":0,"9":0,"10":0,"11":0,"12":0,"13":0,"14":0,"15":1,"16":1,"17":1,"18":1,"19":0,"20":4},"f":{"0":1,"1":0,"2":1},"b":{"0":[0,0]},"_coverageSchema":"1a1c01bbd47fc00a2c39e90264f33305004495a9","hash":"f06a973d0ac3078a13686cedb44bafced006fc07"}
,"C:\\Users\\Admin\\Documents\\hacktiv8\\phase2\\myproject\\spotai-backend\\src\\controllers\\playlistController.js": {"path":"C:\\Users\\Admin\\Documents\\hacktiv8\\phase2\\myproject\\spotai-backend\\src\\controllers\\playlistController.js","statementMap":{"0":{"start":{"line":1,"column":33},"end":{"line":1,"column":53}},"1":{"start":{"line":6,"column":4},"end":{"line":24,"column":5}},"2":{"start":{"line":7,"column":21},"end":{"line":7,"column":32}},"3":{"start":{"line":9,"column":24},"end":{"line":19,"column":8}},"4":{"start":{"line":21,"column":6},"end":{"line":21,"column":38}},"5":{"start":{"line":23,"column":6},"end":{"line":23,"column":18}},"6":{"start":{"line":29,"column":4},"end":{"line":54,"column":5}},"7":{"start":{"line":30,"column":21},"end":{"line":30,"column":31}},"8":{"start":{"line":32,"column":23},"end":{"line":45,"column":8}},"9":{"start":{"line":47,"column":6},"end":{"line":49,"column":7}},"10":{"start":{"line":48,"column":8},"end":{"line":48,"column":66}},"11":{"start":{"line":51,"column":6},"end":{"line":51,"column":37}},"12":{"start":{"line":53,"column":6},"end":{"line":53,"column":18}},"13":{"start":{"line":59,"column":4},"end":{"line":78,"column":5}},"14":{"start":{"line":60,"column":55},"end":{"line":60,"column":63}},"15":{"start":{"line":61,"column":21},"end":{"line":61,"column":32}},"16":{"start":{"line":63,"column":6},"end":{"line":65,"column":7}},"17":{"start":{"line":64,"column":8},"end":{"line":64,"column":67}},"18":{"start":{"line":67,"column":23},"end":{"line":73,"column":8}},"19":{"start":{"line":75,"column":6},"end":{"line":75,"column":37}},"20":{"start":{"line":77,"column":6},"end":{"line":77,"column":18}},"21":{"start":{"line":83,"column":4},"end":{"line":104,"column":5}},"22":{"start":{"line":84,"column":21},"end":{"line":84,"column":31}},"23":{"start":{"line":85,"column":70},"end":{"line":85,"column":78}},"24":{"start":{"line":87,"column":23},"end":{"line":87,"column":50}},"25":{"start":{"line":89,"column":6},"end":{"line":91,"column":7}},"26":{"start":{"line":90,"column":8},"end":{"line":90,"column":66}},"27":{"start":{"line":93,"column":6},"end":{"line":99,"column":9}},"28":{"start":{"line":101,"column":6},"end":{"line":101,"column":37}},"29":{"start":{"line":103,"column":6},"end":{"line":103,"column":18}},"30":{"start":{"line":109,"column":4},"end":{"line":123,"column":5}},"31":{"start":{"line":110,"column":21},"end":{"line":110,"column":31}},"32":{"start":{"line":112,"column":23},"end":{"line":112,"column":50}},"33":{"start":{"line":114,"column":6},"end":{"line":116,"column":7}},"34":{"start":{"line":115,"column":8},"end":{"line":115,"column":66}},"35":{"start":{"line":118,"column":6},"end":{"line":118,"column":31}},"36":{"start":{"line":120,"column":6},"end":{"line":120,"column":73}},"37":{"start":{"line":122,"column":6},"end":{"line":122,"column":18}},"38":{"start":{"line":127,"column":0},"end":{"line":127,"column":36}}},"fnMap":{"0":{"name":"(anonymous_0)","decl":{"start":{"line":5,"column":2},"end":{"line":5,"column":3}},"loc":{"start":{"line":5,"column":47},"end":{"line":25,"column":3}},"line":5},"1":{"name":"(anonymous_1)","decl":{"start":{"line":28,"column":2},"end":{"line":28,"column":3}},"loc":{"start":{"line":28,"column":47},"end":{"line":55,"column":3}},"line":28},"2":{"name":"(anonymous_2)","decl":{"start":{"line":58,"column":2},"end":{"line":58,"column":3}},"loc":{"start":{"line":58,"column":46},"end":{"line":79,"column":3}},"line":58},"3":{"name":"(anonymous_3)","decl":{"start":{"line":82,"column":2},"end":{"line":82,"column":3}},"loc":{"start":{"line":82,"column":46},"end":{"line":105,"column":3}},"line":82},"4":{"name":"(anonymous_4)","decl":{"start":{"line":108,"column":2},"end":{"line":108,"column":3}},"loc":{"start":{"line":108,"column":46},"end":{"line":124,"column":3}},"line":108}},"branchMap":{"0":{"loc":{"start":{"line":47,"column":6},"end":{"line":49,"column":7}},"type":"if","locations":[{"start":{"line":47,"column":6},"end":{"line":49,"column":7}},{"start":{},"end":{}}],"line":47},"1":{"loc":{"start":{"line":63,"column":6},"end":{"line":65,"column":7}},"type":"if","locations":[{"start":{"line":63,"column":6},"end":{"line":65,"column":7}},{"start":{},"end":{}}],"line":63},"2":{"loc":{"start":{"line":71,"column":20},"end":{"line":71,"column":99}},"type":"binary-expr","locations":[{"start":{"line":71,"column":20},"end":{"line":71,"column":30}},{"start":{"line":71,"column":34},"end":{"line":71,"column":99}}],"line":71},"3":{"loc":{"start":{"line":89,"column":6},"end":{"line":91,"column":7}},"type":"if","locations":[{"start":{"line":89,"column":6},"end":{"line":91,"column":7}},{"start":{},"end":{}}],"line":89},"4":{"loc":{"start":{"line":94,"column":15},"end":{"line":94,"column":38}},"type":"binary-expr","locations":[{"start":{"line":94,"column":15},"end":{"line":94,"column":20}},{"start":{"line":94,"column":24},"end":{"line":94,"column":38}}],"line":94},"5":{"loc":{"start":{"line":95,"column":21},"end":{"line":95,"column":83}},"type":"cond-expr","locations":[{"start":{"line":95,"column":49},"end":{"line":95,"column":60}},{"start":{"line":95,"column":63},"end":{"line":95,"column":83}}],"line":95},"6":{"loc":{"start":{"line":96,"column":14},"end":{"line":96,"column":35}},"type":"binary-expr","locations":[{"start":{"line":96,"column":14},"end":{"line":96,"column":18}},{"start":{"line":96,"column":22},"end":{"line":96,"column":35}}],"line":96},"7":{"loc":{"start":{"line":97,"column":20},"end":{"line":97,"column":53}},"type":"binary-expr","locations":[{"start":{"line":97,"column":20},"end":{"line":97,"column":30}},{"start":{"line":97,"column":34},"end":{"line":97,"column":53}}],"line":97},"8":{"loc":{"start":{"line":98,"column":23},"end":{"line":98,"column":91}},"type":"cond-expr","locations":[{"start":{"line":98,"column":53},"end":{"line":98,"column":66}},{"start":{"line":98,"column":69},"end":{"line":98,"column":91}}],"line":98},"9":{"loc":{"start":{"line":114,"column":6},"end":{"line":116,"column":7}},"type":"if","locations":[{"start":{"line":114,"column":6},"end":{"line":116,"column":7}},{"start":{},"end":{}}],"line":114}},"s":{"0":4,"1":1,"2":1,"3":1,"4":1,"5":0,"6":2,"7":2,"8":2,"9":2,"10":1,"11":1,"12":1,"13":2,"14":2,"15":2,"16":2,"17":1,"18":1,"19":1,"20":1,"21":1,"22":1,"23":1,"24":1,"25":1,"26":0,"27":1,"28":1,"29":0,"30":1,"31":1,"32":1,"33":1,"34":0,"35":1,"36":1,"37":0,"38":4},"f":{"0":1,"1":2,"2":2,"3":1,"4":1},"b":{"0":[1,1],"1":[1,1],"2":[1,1],"3":[0,1],"4":[1,0],"5":[1,0],"6":[1,1],"7":[1,1],"8":[0,1],"9":[0,1]},"_coverageSchema":"1a1c01bbd47fc00a2c39e90264f33305004495a9","hash":"85f507698d70a9bb6d41f07a25966b892836cc9b"}
,"C:\\Users\\Admin\\Documents\\hacktiv8\\phase2\\myproject\\spotai-backend\\src\\controllers\\songController.js": {"path":"C:\\Users\\Admin\\Documents\\hacktiv8\\phase2\\myproject\\spotai-backend\\src\\controllers\\songController.js","statementMap":{"0":{"start":{"line":1,"column":27},"end":{"line":1,"column":47}},"1":{"start":{"line":6,"column":4},"end":{"line":22,"column":5}},"2":{"start":{"line":7,"column":29},"end":{"line":7,"column":39}},"3":{"start":{"line":9,"column":23},"end":{"line":9,"column":58}},"4":{"start":{"line":10,"column":6},"end":{"line":12,"column":7}},"5":{"start":{"line":11,"column":8},"end":{"line":11,"column":66}},"6":{"start":{"line":14,"column":20},"end":{"line":17,"column":8}},"7":{"start":{"line":19,"column":6},"end":{"line":19,"column":34}},"8":{"start":{"line":21,"column":6},"end":{"line":21,"column":18}},"9":{"start":{"line":27,"column":4},"end":{"line":59,"column":5}},"10":{"start":{"line":28,"column":29},"end":{"line":28,"column":39}},"11":{"start":{"line":29,"column":82},"end":{"line":29,"column":90}},"12":{"start":{"line":32,"column":23},"end":{"line":32,"column":58}},"13":{"start":{"line":33,"column":6},"end":{"line":35,"column":7}},"14":{"start":{"line":34,"column":8},"end":{"line":34,"column":66}},"15":{"start":{"line":37,"column":6},"end":{"line":39,"column":7}},"16":{"start":{"line":38,"column":8},"end":{"line":38,"column":71}},"17":{"start":{"line":41,"column":6},"end":{"line":43,"column":7}},"18":{"start":{"line":42,"column":8},"end":{"line":42,"column":79}},"19":{"start":{"line":45,"column":19},"end":{"line":54,"column":8}},"20":{"start":{"line":56,"column":6},"end":{"line":56,"column":33}},"21":{"start":{"line":58,"column":6},"end":{"line":58,"column":18}},"22":{"start":{"line":64,"column":4},"end":{"line":93,"column":5}},"23":{"start":{"line":65,"column":21},"end":{"line":65,"column":31}},"24":{"start":{"line":66,"column":39},"end":{"line":66,"column":47}},"25":{"start":{"line":68,"column":19},"end":{"line":73,"column":8}},"26":{"start":{"line":75,"column":6},"end":{"line":77,"column":7}},"27":{"start":{"line":76,"column":8},"end":{"line":76,"column":62}},"28":{"start":{"line":80,"column":6},"end":{"line":82,"column":7}},"29":{"start":{"line":81,"column":8},"end":{"line":81,"column":71}},"30":{"start":{"line":84,"column":6},"end":{"line":88,"column":9}},"31":{"start":{"line":90,"column":6},"end":{"line":90,"column":33}},"32":{"start":{"line":92,"column":6},"end":{"line":92,"column":18}},"33":{"start":{"line":98,"column":4},"end":{"line":122,"column":5}},"34":{"start":{"line":99,"column":21},"end":{"line":99,"column":31}},"35":{"start":{"line":101,"column":19},"end":{"line":106,"column":8}},"36":{"start":{"line":108,"column":6},"end":{"line":110,"column":7}},"37":{"start":{"line":109,"column":8},"end":{"line":109,"column":62}},"38":{"start":{"line":113,"column":6},"end":{"line":115,"column":7}},"39":{"start":{"line":114,"column":8},"end":{"line":114,"column":71}},"40":{"start":{"line":117,"column":6},"end":{"line":117,"column":27}},"41":{"start":{"line":119,"column":6},"end":{"line":119,"column":69}},"42":{"start":{"line":121,"column":6},"end":{"line":121,"column":18}},"43":{"start":{"line":126,"column":0},"end":{"line":126,"column":32}}},"fnMap":{"0":{"name":"(anonymous_0)","decl":{"start":{"line":5,"column":2},"end":{"line":5,"column":3}},"loc":{"start":{"line":5,"column":50},"end":{"line":23,"column":3}},"line":5},"1":{"name":"(anonymous_1)","decl":{"start":{"line":26,"column":2},"end":{"line":26,"column":3}},"loc":{"start":{"line":26,"column":39},"end":{"line":60,"column":3}},"line":26},"2":{"name":"(anonymous_2)","decl":{"start":{"line":63,"column":2},"end":{"line":63,"column":3}},"loc":{"start":{"line":63,"column":42},"end":{"line":94,"column":3}},"line":63},"3":{"name":"(anonymous_3)","decl":{"start":{"line":97,"column":2},"end":{"line":97,"column":3}},"loc":{"start":{"line":97,"column":42},"end":{"line":123,"column":3}},"line":97}},"branchMap":{"0":{"loc":{"start":{"line":10,"column":6},"end":{"line":12,"column":7}},"type":"if","locations":[{"start":{"line":10,"column":6},"end":{"line":12,"column":7}},{"start":{},"end":{}}],"line":10},"1":{"loc":{"start":{"line":33,"column":6},"end":{"line":35,"column":7}},"type":"if","locations":[{"start":{"line":33,"column":6},"end":{"line":35,"column":7}},{"start":{},"end":{}}],"line":33},"2":{"loc":{"start":{"line":37,"column":6},"end":{"line":39,"column":7}},"type":"if","locations":[{"start":{"line":37,"column":6},"end":{"line":39,"column":7}},{"start":{},"end":{}}],"line":37},"3":{"loc":{"start":{"line":41,"column":6},"end":{"line":43,"column":7}},"type":"if","locations":[{"start":{"line":41,"column":6},"end":{"line":43,"column":7}},{"start":{},"end":{}}],"line":41},"4":{"loc":{"start":{"line":41,"column":10},"end":{"line":41,"column":27}},"type":"binary-expr","locations":[{"start":{"line":41,"column":10},"end":{"line":41,"column":16}},{"start":{"line":41,"column":20},"end":{"line":41,"column":27}}],"line":41},"5":{"loc":{"start":{"line":52,"column":18},"end":{"line":52,"column":91}},"type":"binary-expr","locations":[{"start":{"line":52,"column":18},"end":{"line":52,"column":26}},{"start":{"line":52,"column":30},"end":{"line":52,"column":91}}],"line":52},"6":{"loc":{"start":{"line":75,"column":6},"end":{"line":77,"column":7}},"type":"if","locations":[{"start":{"line":75,"column":6},"end":{"line":77,"column":7}},{"start":{},"end":{}}],"line":75},"7":{"loc":{"start":{"line":80,"column":6},"end":{"line":82,"column":7}},"type":"if","locations":[{"start":{"line":80,"column":6},"end":{"line":82,"column":7}},{"start":{},"end":{}}],"line":80},"8":{"loc":{"start":{"line":85,"column":15},"end":{"line":85,"column":34}},"type":"binary-expr","locations":[{"start":{"line":85,"column":15},"end":{"line":85,"column":20}},{"start":{"line":85,"column":24},"end":{"line":85,"column":34}}],"line":85},"9":{"loc":{"start":{"line":86,"column":16},"end":{"line":86,"column":37}},"type":"binary-expr","locations":[{"start":{"line":86,"column":16},"end":{"line":86,"column":22}},{"start":{"line":86,"column":26},"end":{"line":86,"column":37}}],"line":86},"10":{"loc":{"start":{"line":87,"column":15},"end":{"line":87,"column":55}},"type":"cond-expr","locations":[{"start":{"line":87,"column":37},"end":{"line":87,"column":42}},{"start":{"line":87,"column":45},"end":{"line":87,"column":55}}],"line":87},"11":{"loc":{"start":{"line":108,"column":6},"end":{"line":110,"column":7}},"type":"if","locations":[{"start":{"line":108,"column":6},"end":{"line":110,"column":7}},{"start":{},"end":{}}],"line":108},"12":{"loc":{"start":{"line":113,"column":6},"end":{"line":115,"column":7}},"type":"if","locations":[{"start":{"line":113,"column":6},"end":{"line":115,"column":7}},{"start":{},"end":{}}],"line":113}},"s":{"0":4,"1":0,"2":0,"3":0,"4":0,"5":0,"6":0,"7":0,"8":0,"9":3,"10":3,"11":3,"12":3,"13":3,"14":1,"15":2,"16":0,"17":2,"18":1,"19":1,"20":1,"21":2,"22":2,"23":2,"24":2,"25":2,"26":2,"27":1,"28":1,"29":0,"30":1,"31":1,"32":1,"33":2,"34":2,"35":2,"36":2,"37":1,"38":1,"39":0,"40":1,"41":1,"42":1,"43":4},"f":{"0":0,"1":3,"2":2,"3":2},"b":{"0":[0,0],"1":[1,2],"2":[0,2],"3":[1,1],"4":[2,2],"5":[1,1],"6":[1,1],"7":[0,1],"8":[1,0],"9":[1,0],"10":[0,1],"11":[1,1],"12":[0,1]},"_coverageSchema":"1a1c01bbd47fc00a2c39e90264f33305004495a9","hash":"30f7fa31574e88017dc56e8b2bb77f6fcb15b1e2"}
,"C:\\Users\\Admin\\Documents\\hacktiv8\\phase2\\myproject\\spotai-backend\\src\\controllers\\spotifyController.js": {"path":"C:\\Users\\Admin\\Documents\\hacktiv8\\phase2\\myproject\\spotai-backend\\src\\controllers\\spotifyController.js","statementMap":{"0":{"start":{"line":1,"column":23},"end":{"line":1,"column":60}},"1":{"start":{"line":6,"column":4},"end":{"line":18,"column":5}},"2":{"start":{"line":7,"column":32},"end":{"line":7,"column":41}},"3":{"start":{"line":9,"column":6},"end":{"line":11,"column":7}},"4":{"start":{"line":10,"column":8},"end":{"line":10,"column":74}},"5":{"start":{"line":13,"column":21},"end":{"line":13,"column":74}},"6":{"start":{"line":15,"column":6},"end":{"line":15,"column":35}},"7":{"start":{"line":17,"column":6},"end":{"line":17,"column":18}},"8":{"start":{"line":23,"column":4},"end":{"line":31,"column":5}},"9":{"start":{"line":24,"column":21},"end":{"line":24,"column":31}},"10":{"start":{"line":26,"column":20},"end":{"line":26,"column":53}},"11":{"start":{"line":28,"column":6},"end":{"line":28,"column":34}},"12":{"start":{"line":30,"column":6},"end":{"line":30,"column":18}},"13":{"start":{"line":36,"column":4},"end":{"line":45,"column":5}},"14":{"start":{"line":37,"column":45},"end":{"line":37,"column":54}},"15":{"start":{"line":39,"column":26},"end":{"line":39,"column":43}},"16":{"start":{"line":40,"column":21},"end":{"line":40,"column":90}},"17":{"start":{"line":42,"column":6},"end":{"line":42,"column":35}},"18":{"start":{"line":44,"column":6},"end":{"line":44,"column":18}},"19":{"start":{"line":49,"column":0},"end":{"line":49,"column":35}}},"fnMap":{"0":{"name":"(anonymous_0)","decl":{"start":{"line":5,"column":2},"end":{"line":5,"column":3}},"loc":{"start":{"line":5,"column":44},"end":{"line":19,"column":3}},"line":5},"1":{"name":"(anonymous_1)","decl":{"start":{"line":22,"column":2},"end":{"line":22,"column":3}},"loc":{"start":{"line":22,"column":40},"end":{"line":32,"column":3}},"line":22},"2":{"name":"(anonymous_2)","decl":{"start":{"line":35,"column":2},"end":{"line":35,"column":3}},"loc":{"start":{"line":35,"column":50},"end":{"line":46,"column":3}},"line":35}},"branchMap":{"0":{"loc":{"start":{"line":7,"column":17},"end":{"line":7,"column":27}},"type":"default-arg","locations":[{"start":{"line":7,"column":25},"end":{"line":7,"column":27}}],"line":7},"1":{"loc":{"start":{"line":9,"column":6},"end":{"line":11,"column":7}},"type":"if","locations":[{"start":{"line":9,"column":6},"end":{"line":11,"column":7}},{"start":{},"end":{}}],"line":9},"2":{"loc":{"start":{"line":37,"column":14},"end":{"line":37,"column":28}},"type":"default-arg","locations":[{"start":{"line":37,"column":23},"end":{"line":37,"column":28}}],"line":37},"3":{"loc":{"start":{"line":37,"column":30},"end":{"line":37,"column":40}},"type":"default-arg","locations":[{"start":{"line":37,"column":38},"end":{"line":37,"column":40}}],"line":37}},"s":{"0":4,"1":1,"2":1,"3":1,"4":1,"5":0,"6":0,"7":1,"8":0,"9":0,"10":0,"11":0,"12":0,"13":0,"14":0,"15":0,"16":0,"17":0,"18":0,"19":4},"f":{"0":1,"1":0,"2":0},"b":{"0":[1],"1":[1,0],"2":[0],"3":[0]},"_coverageSchema":"1a1c01bbd47fc00a2c39e90264f33305004495a9","hash":"94c7e8c375730d249344f57aea50d7dbb867570d"}
,"C:\\Users\\Admin\\Documents\\hacktiv8\\phase2\\myproject\\spotai-backend\\src\\middlewares\\authentication.js": {"path":"C:\\Users\\Admin\\Documents\\hacktiv8\\phase2\\myproject\\spotai-backend\\src\\middlewares\\authentication.js","statementMap":{"0":{"start":{"line":1,"column":20},"end":{"line":1,"column":54}},"1":{"start":{"line":2,"column":17},"end":{"line":2,"column":37}},"2":{"start":{"line":5,"column":2},"end":{"line":29,"column":3}},"3":{"start":{"line":6,"column":23},"end":{"line":6,"column":48}},"4":{"start":{"line":8,"column":4},"end":{"line":10,"column":5}},"5":{"start":{"line":9,"column":6},"end":{"line":9,"column":68}},"6":{"start":{"line":12,"column":18},"end":{"line":12,"column":42}},"7":{"start":{"line":13,"column":20},"end":{"line":13,"column":50}},"8":{"start":{"line":15,"column":17},"end":{"line":15,"column":48}},"9":{"start":{"line":16,"column":4},"end":{"line":18,"column":5}},"10":{"start":{"line":17,"column":6},"end":{"line":17,"column":64}},"11":{"start":{"line":20,"column":4},"end":{"line":24,"column":6}},"12":{"start":{"line":26,"column":4},"end":{"line":26,"column":11}},"13":{"start":{"line":28,"column":4},"end":{"line":28,"column":16}},"14":{"start":{"line":32,"column":0},"end":{"line":32,"column":32}}},"fnMap":{"0":{"name":"authentication","decl":{"start":{"line":4,"column":15},"end":{"line":4,"column":29}},"loc":{"start":{"line":4,"column":46},"end":{"line":30,"column":1}},"line":4}},"branchMap":{"0":{"loc":{"start":{"line":8,"column":4},"end":{"line":10,"column":5}},"type":"if","locations":[{"start":{"line":8,"column":4},"end":{"line":10,"column":5}},{"start":{},"end":{}}],"line":8},"1":{"loc":{"start":{"line":16,"column":4},"end":{"line":18,"column":5}},"type":"if","locations":[{"start":{"line":16,"column":4},"end":{"line":18,"column":5}},{"start":{},"end":{}}],"line":16}},"s":{"0":4,"1":4,"2":32,"3":32,"4":32,"5":7,"6":25,"7":25,"8":25,"9":25,"10":0,"11":25,"12":25,"13":7,"14":4},"f":{"0":32},"b":{"0":[7,25],"1":[0,25]},"_coverageSchema":"1a1c01bbd47fc00a2c39e90264f33305004495a9","hash":"57ad48f71ead0e3d12b29171f4112abf3508bf90"}
,"C:\\Users\\Admin\\Documents\\hacktiv8\\phase2\\myproject\\spotai-backend\\src\\middlewares\\authorization.js": {"path":"C:\\Users\\Admin\\Documents\\hacktiv8\\phase2\\myproject\\spotai-backend\\src\\middlewares\\authorization.js","statementMap":{"0":{"start":{"line":1,"column":21},"end":{"line":1,"column":41}},"1":{"start":{"line":4,"column":2},"end":{"line":21,"column":3}},"2":{"start":{"line":5,"column":19},"end":{"line":5,"column":29}},"3":{"start":{"line":6,"column":19},"end":{"line":6,"column":30}},"4":{"start":{"line":8,"column":21},"end":{"line":8,"column":48}},"5":{"start":{"line":10,"column":4},"end":{"line":12,"column":5}},"6":{"start":{"line":11,"column":6},"end":{"line":11,"column":64}},"7":{"start":{"line":14,"column":4},"end":{"line":16,"column":5}},"8":{"start":{"line":15,"column":6},"end":{"line":15,"column":69}},"9":{"start":{"line":18,"column":4},"end":{"line":18,"column":11}},"10":{"start":{"line":20,"column":4},"end":{"line":20,"column":16}},"11":{"start":{"line":24,"column":0},"end":{"line":24,"column":44}}},"fnMap":{"0":{"name":"authorizePlaylistOwner","decl":{"start":{"line":3,"column":15},"end":{"line":3,"column":37}},"loc":{"start":{"line":3,"column":54},"end":{"line":22,"column":1}},"line":3}},"branchMap":{"0":{"loc":{"start":{"line":10,"column":4},"end":{"line":12,"column":5}},"type":"if","locations":[{"start":{"line":10,"column":4},"end":{"line":12,"column":5}},{"start":{},"end":{}}],"line":10},"1":{"loc":{"start":{"line":14,"column":4},"end":{"line":16,"column":5}},"type":"if","locations":[{"start":{"line":14,"column":4},"end":{"line":16,"column":5}},{"start":{},"end":{}}],"line":14}},"s":{"0":4,"1":4,"2":4,"3":4,"4":4,"5":4,"6":2,"7":2,"8":0,"9":2,"10":2,"11":4},"f":{"0":4},"b":{"0":[2,2],"1":[0,2]},"_coverageSchema":"1a1c01bbd47fc00a2c39e90264f33305004495a9","hash":"40c036b236506d25e67ef65c9e556a5223959884"}
,"C:\\Users\\Admin\\Documents\\hacktiv8\\phase2\\myproject\\spotai-backend\\src\\middlewares\\errorHandler.js": {"path":"C:\\Users\\Admin\\Documents\\hacktiv8\\phase2\\myproject\\spotai-backend\\src\\middlewares\\errorHandler.js","statementMap":{"0":{"start":{"line":2,"column":15},"end":{"line":2,"column":18}},"1":{"start":{"line":3,"column":16},"end":{"line":3,"column":39}},"2":{"start":{"line":5,"column":2},"end":{"line":5,"column":19}},"3":{"start":{"line":7,"column":2},"end":{"line":30,"column":3}},"4":{"start":{"line":10,"column":6},"end":{"line":10,"column":19}},"5":{"start":{"line":11,"column":6},"end":{"line":11,"column":38}},"6":{"start":{"line":12,"column":6},"end":{"line":12,"column":12}},"7":{"start":{"line":15,"column":6},"end":{"line":15,"column":19}},"8":{"start":{"line":16,"column":6},"end":{"line":16,"column":47}},"9":{"start":{"line":17,"column":6},"end":{"line":17,"column":12}},"10":{"start":{"line":19,"column":6},"end":{"line":19,"column":19}},"11":{"start":{"line":20,"column":6},"end":{"line":20,"column":28}},"12":{"start":{"line":21,"column":6},"end":{"line":21,"column":12}},"13":{"start":{"line":23,"column":6},"end":{"line":23,"column":19}},"14":{"start":{"line":24,"column":6},"end":{"line":24,"column":28}},"15":{"start":{"line":25,"column":6},"end":{"line":25,"column":12}},"16":{"start":{"line":27,"column":6},"end":{"line":27,"column":19}},"17":{"start":{"line":28,"column":6},"end":{"line":28,"column":28}},"18":{"start":{"line":29,"column":6},"end":{"line":29,"column":12}},"19":{"start":{"line":32,"column":2},"end":{"line":32,"column":39}},"20":{"start":{"line":35,"column":0},"end":{"line":35,"column":30}}},"fnMap":{"0":{"name":"errorHandler","decl":{"start":{"line":1,"column":9},"end":{"line":1,"column":21}},"loc":{"start":{"line":1,"column":43},"end":{"line":33,"column":1}},"line":1}},"branchMap":{"0":{"loc":{"start":{"line":7,"column":2},"end":{"line":30,"column":3}},"type":"switch","locations":[{"start":{"line":8,"column":4},"end":{"line":8,"column":36}},{"start":{"line":9,"column":4},"end":{"line":12,"column":12}},{"start":{"line":13,"column":4},"end":{"line":13,"column":29}},{"start":{"line":14,"column":4},"end":{"line":17,"column":12}},{"start":{"line":18,"column":4},"end":{"line":21,"column":12}},{"start":{"line":22,"column":4},"end":{"line":25,"column":12}},{"start":{"line":26,"column":4},"end":{"line":29,"column":12}}],"line":7},"1":{"loc":{"start":{"line":16,"column":16},"end":{"line":16,"column":46}},"type":"binary-expr","locations":[{"start":{"line":16,"column":16},"end":{"line":16,"column":27}},{"start":{"line":16,"column":31},"end":{"line":16,"column":46}}],"line":16}},"s":{"0":20,"1":20,"2":20,"3":20,"4":0,"5":0,"6":0,"7":7,"8":7,"9":7,"10":0,"11":0,"12":0,"13":8,"14":8,"15":8,"16":4,"17":4,"18":4,"19":20,"20":4},"f":{"0":20},"b":{"0":[0,0,0,7,0,8,4],"1":[7,0]},"_coverageSchema":"1a1c01bbd47fc00a2c39e90264f33305004495a9","hash":"b22373e73acbdfa959f8b60823045a5956c85413"}
,"C:\\Users\\Admin\\Documents\\hacktiv8\\phase2\\myproject\\spotai-backend\\src\\models\\index.js": {"path":"C:\\Users\\Admin\\Documents\\hacktiv8\\phase2\\myproject\\spotai-backend\\src\\models\\index.js","statementMap":{"0":{"start":{"line":1,"column":0},"end":{"line":1,"column":41}}},"fnMap":{},"branchMap":{},"s":{"0":4},"f":{},"b":{},"_coverageSchema":"1a1c01bbd47fc00a2c39e90264f33305004495a9","hash":"e52454b037de8c414f0de93ad5e58dcb5d5dda4e"}
,"C:\\Users\\Admin\\Documents\\hacktiv8\\phase2\\myproject\\spotai-backend\\src\\routes\\aiRoutes.js": {"path":"C:\\Users\\Admin\\Documents\\hacktiv8\\phase2\\myproject\\spotai-backend\\src\\routes\\aiRoutes.js","statementMap":{"0":{"start":{"line":1,"column":16},"end":{"line":1,"column":34}},"1":{"start":{"line":2,"column":15},"end":{"line":2,"column":31}},"2":{"start":{"line":3,"column":21},"end":{"line":3,"column":59}},"3":{"start":{"line":4,"column":23},"end":{"line":4,"column":63}},"4":{"start":{"line":6,"column":0},"end":{"line":6,"column":27}},"5":{"start":{"line":8,"column":0},"end":{"line":8,"column":83}},"6":{"start":{"line":9,"column":0},"end":{"line":9,"column":68}},"7":{"start":{"line":10,"column":0},"end":{"line":10,"column":64}},"8":{"start":{"line":12,"column":0},"end":{"line":12,"column":24}}},"fnMap":{},"branchMap":{},"s":{"0":4,"1":4,"2":4,"3":4,"4":4,"5":4,"6":4,"7":4,"8":4},"f":{},"b":{},"_coverageSchema":"1a1c01bbd47fc00a2c39e90264f33305004495a9","hash":"94f2af1a1c92eab8eb6df79440d506b311ff1bc3"}
,"C:\\Users\\Admin\\Documents\\hacktiv8\\phase2\\myproject\\spotai-backend\\src\\routes\\authRoutes.js": {"path":"C:\\Users\\Admin\\Documents\\hacktiv8\\phase2\\myproject\\spotai-backend\\src\\routes\\authRoutes.js","statementMap":{"0":{"start":{"line":1,"column":16},"end":{"line":1,"column":34}},"1":{"start":{"line":2,"column":15},"end":{"line":2,"column":31}},"2":{"start":{"line":3,"column":23},"end":{"line":3,"column":63}},"3":{"start":{"line":4,"column":23},"end":{"line":4,"column":63}},"4":{"start":{"line":6,"column":0},"end":{"line":6,"column":51}},"5":{"start":{"line":7,"column":0},"end":{"line":7,"column":62}},"6":{"start":{"line":8,"column":0},"end":{"line":8,"column":65}},"7":{"start":{"line":10,"column":0},"end":{"line":10,"column":24}}},"fnMap":{},"branchMap":{},"s":{"0":4,"1":4,"2":4,"3":4,"4":4,"5":4,"6":4,"7":4},"f":{},"b":{},"_coverageSchema":"1a1c01bbd47fc00a2c39e90264f33305004495a9","hash":"a5685c0df0ba3ee1e99c57f7aaffbdec80f33e20"}
,"C:\\Users\\Admin\\Documents\\hacktiv8\\phase2\\myproject\\spotai-backend\\src\\routes\\playlistRoutes.js": {"path":"C:\\Users\\Admin\\Documents\\hacktiv8\\phase2\\myproject\\spotai-backend\\src\\routes\\playlistRoutes.js","statementMap":{"0":{"start":{"line":1,"column":16},"end":{"line":1,"column":34}},"1":{"start":{"line":2,"column":15},"end":{"line":2,"column":31}},"2":{"start":{"line":3,"column":27},"end":{"line":3,"column":71}},"3":{"start":{"line":4,"column":23},"end":{"line":4,"column":63}},"4":{"start":{"line":5,"column":35},"end":{"line":5,"column":74}},"5":{"start":{"line":8,"column":0},"end":{"line":8,"column":27}},"6":{"start":{"line":10,"column":0},"end":{"line":10,"column":52}},"7":{"start":{"line":11,"column":0},"end":{"line":11,"column":52}},"8":{"start":{"line":12,"column":0},"end":{"line":12,"column":55}},"9":{"start":{"line":13,"column":0},"end":{"line":13,"column":78}},"10":{"start":{"line":14,"column":0},"end":{"line":14,"column":81}},"11":{"start":{"line":16,"column":0},"end":{"line":16,"column":24}}},"fnMap":{},"branchMap":{},"s":{"0":4,"1":4,"2":4,"3":4,"4":4,"5":4,"6":4,"7":4,"8":4,"9":4,"10":4,"11":4},"f":{},"b":{},"_coverageSchema":"1a1c01bbd47fc00a2c39e90264f33305004495a9","hash":"00caa52d922025fdf2de220ae024836ddd8d7321"}
,"C:\\Users\\Admin\\Documents\\hacktiv8\\phase2\\myproject\\spotai-backend\\src\\routes\\songRoutes.js": {"path":"C:\\Users\\Admin\\Documents\\hacktiv8\\phase2\\myproject\\spotai-backend\\src\\routes\\songRoutes.js","statementMap":{"0":{"start":{"line":1,"column":16},"end":{"line":1,"column":34}},"1":{"start":{"line":2,"column":15},"end":{"line":2,"column":31}},"2":{"start":{"line":3,"column":23},"end":{"line":3,"column":63}},"3":{"start":{"line":4,"column":23},"end":{"line":4,"column":63}},"4":{"start":{"line":6,"column":0},"end":{"line":6,"column":27}},"5":{"start":{"line":8,"column":0},"end":{"line":8,"column":71}},"6":{"start":{"line":9,"column":0},"end":{"line":9,"column":61}},"7":{"start":{"line":10,"column":0},"end":{"line":10,"column":46}},"8":{"start":{"line":11,"column":0},"end":{"line":11,"column":49}},"9":{"start":{"line":13,"column":0},"end":{"line":13,"column":24}}},"fnMap":{},"branchMap":{},"s":{"0":4,"1":4,"2":4,"3":4,"4":4,"5":4,"6":4,"7":4,"8":4,"9":4},"f":{},"b":{},"_coverageSchema":"1a1c01bbd47fc00a2c39e90264f33305004495a9","hash":"5fa40e5258b1f4b9c503ffa47d769d644da4b230"}
,"C:\\Users\\Admin\\Documents\\hacktiv8\\phase2\\myproject\\spotai-backend\\src\\routes\\spotifyRoutes.js": {"path":"C:\\Users\\Admin\\Documents\\hacktiv8\\phase2\\myproject\\spotai-backend\\src\\routes\\spotifyRoutes.js","statementMap":{"0":{"start":{"line":1,"column":16},"end":{"line":1,"column":34}},"1":{"start":{"line":2,"column":15},"end":{"line":2,"column":31}},"2":{"start":{"line":3,"column":26},"end":{"line":3,"column":69}},"3":{"start":{"line":4,"column":23},"end":{"line":4,"column":63}},"4":{"start":{"line":6,"column":0},"end":{"line":6,"column":27}},"5":{"start":{"line":8,"column":0},"end":{"line":8,"column":54}},"6":{"start":{"line":9,"column":0},"end":{"line":9,"column":53}},"7":{"start":{"line":10,"column":0},"end":{"line":10,"column":69}},"8":{"start":{"line":12,"column":0},"end":{"line":12,"column":24}}},"fnMap":{},"branchMap":{},"s":{"0":4,"1":4,"2":4,"3":4,"4":4,"5":4,"6":4,"7":4,"8":4},"f":{},"b":{},"_coverageSchema":"1a1c01bbd47fc00a2c39e90264f33305004495a9","hash":"956f70bc419e1d51b6025ab600d493c70ebd9185"}
,"C:\\Users\\Admin\\Documents\\hacktiv8\\phase2\\myproject\\spotai-backend\\src\\services\\authService.js": {"path":"C:\\Users\\Admin\\Documents\\hacktiv8\\phase2\\myproject\\spotai-backend\\src\\services\\authService.js","statementMap":{"0":{"start":{"line":1,"column":14},"end":{"line":1,"column":30}},"1":{"start":{"line":2,"column":12},"end":{"line":2,"column":35}},"2":{"start":{"line":3,"column":17},"end":{"line":3,"column":37}},"3":{"start":{"line":8,"column":20},"end":{"line":8,"column":66}},"4":{"start":{"line":9,"column":20},"end":{"line":19,"column":5}},"5":{"start":{"line":21,"column":15},"end":{"line":21,"column":43}},"6":{"start":{"line":22,"column":4},"end":{"line":22,"column":41}},"7":{"start":{"line":27,"column":16},"end":{"line":27,"column":53}},"8":{"start":{"line":28,"column":19},"end":{"line":34,"column":5}},"9":{"start":{"line":36,"column":4},"end":{"line":45,"column":5}},"10":{"start":{"line":37,"column":23},"end":{"line":41,"column":8}},"11":{"start":{"line":42,"column":6},"end":{"line":42,"column":27}},"12":{"start":{"line":44,"column":6},"end":{"line":44,"column":61}},"13":{"start":{"line":50,"column":4},"end":{"line":62,"column":5}},"14":{"start":{"line":51,"column":23},"end":{"line":58,"column":7}},"15":{"start":{"line":59,"column":6},"end":{"line":59,"column":27}},"16":{"start":{"line":61,"column":6},"end":{"line":61,"column":51}},"17":{"start":{"line":67,"column":28},"end":{"line":76,"column":6}},"18":{"start":{"line":78,"column":4},"end":{"line":78,"column":16}},"19":{"start":{"line":83,"column":4},"end":{"line":91,"column":6}},"20":{"start":{"line":96,"column":4},"end":{"line":100,"column":5}},"21":{"start":{"line":97,"column":6},"end":{"line":97,"column":55}},"22":{"start":{"line":99,"column":6},"end":{"line":99,"column":39}},"23":{"start":{"line":104,"column":0},"end":{"line":104,"column":29}}},"fnMap":{"0":{"name":"(anonymous_0)","decl":{"start":{"line":7,"column":2},"end":{"line":7,"column":3}},"loc":{"start":{"line":7,"column":28},"end":{"line":23,"column":3}},"line":7},"1":{"name":"(anonymous_1)","decl":{"start":{"line":26,"column":2},"end":{"line":26,"column":3}},"loc":{"start":{"line":26,"column":37},"end":{"line":46,"column":3}},"line":26},"2":{"name":"(anonymous_2)","decl":{"start":{"line":49,"column":2},"end":{"line":49,"column":3}},"loc":{"start":{"line":49,"column":53},"end":{"line":63,"column":3}},"line":49},"3":{"name":"(anonymous_3)","decl":{"start":{"line":66,"column":2},"end":{"line":66,"column":3}},"loc":{"start":{"line":66,"column":44},"end":{"line":79,"column":3}},"line":66},"4":{"name":"(anonymous_4)","decl":{"start":{"line":82,"column":2},"end":{"line":82,"column":3}},"loc":{"start":{"line":82,"column":29},"end":{"line":92,"column":3}},"line":82},"5":{"name":"(anonymous_5)","decl":{"start":{"line":95,"column":2},"end":{"line":95,"column":3}},"loc":{"start":{"line":95,"column":28},"end":{"line":101,"column":3}},"line":95}},"branchMap":{},"s":{"0":4,"1":4,"2":4,"3":1,"4":1,"5":1,"6":1,"7":0,"8":0,"9":0,"10":0,"11":0,"12":0,"13":0,"14":0,"15":0,"16":0,"17":0,"18":0,"19":4,"20":25,"21":25,"22":0,"23":4},"f":{"0":1,"1":0,"2":0,"3":0,"4":4,"5":25},"b":{},"_coverageSchema":"1a1c01bbd47fc00a2c39e90264f33305004495a9","hash":"10a9f15ac6d734d63dad32cdd4800e3f7b689130"}
,"C:\\Users\\Admin\\Documents\\hacktiv8\\phase2\\myproject\\spotai-backend\\src\\services\\openaiService.js": {"path":"C:\\Users\\Admin\\Documents\\hacktiv8\\phase2\\myproject\\spotai-backend\\src\\services\\openaiService.js","statementMap":{"0":{"start":{"line":1,"column":14},"end":{"line":1,"column":30}},"1":{"start":{"line":3,"column":23},"end":{"line":3,"column":49}},"2":{"start":{"line":4,"column":21},"end":{"line":4,"column":71}},"3":{"start":{"line":5,"column":23},"end":{"line":5,"column":73}},"4":{"start":{"line":7,"column":0},"end":{"line":9,"column":1}},"5":{"start":{"line":8,"column":2},"end":{"line":8,"column":102}},"6":{"start":{"line":12,"column":2},"end":{"line":14,"column":3}},"7":{"start":{"line":13,"column":4},"end":{"line":13,"column":75}},"8":{"start":{"line":17,"column":25},"end":{"line":22,"column":3}},"9":{"start":{"line":24,"column":18},"end":{"line":24,"column":22}},"10":{"start":{"line":26,"column":2},"end":{"line":99,"column":3}},"11":{"start":{"line":28,"column":23},"end":{"line":28,"column":27}},"12":{"start":{"line":33,"column":4},"end":{"line":43,"column":6}},"13":{"start":{"line":44,"column":4},"end":{"line":44,"column":116}},"14":{"start":{"line":46,"column":4},"end":{"line":98,"column":5}},"15":{"start":{"line":47,"column":6},"end":{"line":47,"column":60}},"16":{"start":{"line":48,"column":19},"end":{"line":53,"column":8}},"17":{"start":{"line":55,"column":19},"end":{"line":55,"column":34}},"18":{"start":{"line":58,"column":6},"end":{"line":76,"column":7}},"19":{"start":{"line":59,"column":26},"end":{"line":59,"column":44}},"20":{"start":{"line":60,"column":8},"end":{"line":63,"column":9}},"21":{"start":{"line":61,"column":10},"end":{"line":61,"column":70}},"22":{"start":{"line":62,"column":10},"end":{"line":62,"column":78}},"23":{"start":{"line":65,"column":8},"end":{"line":69,"column":9}},"24":{"start":{"line":67,"column":10},"end":{"line":67,"column":56}},"25":{"start":{"line":67,"column":32},"end":{"line":67,"column":56}},"26":{"start":{"line":68,"column":10},"end":{"line":68,"column":52}},"27":{"start":{"line":68,"column":30},"end":{"line":68,"column":52}},"28":{"start":{"line":71,"column":21},"end":{"line":71,"column":46}},"29":{"start":{"line":72,"column":8},"end":{"line":75,"column":9}},"30":{"start":{"line":73,"column":10},"end":{"line":73,"column":90}},"31":{"start":{"line":74,"column":10},"end":{"line":74,"column":22}},"32":{"start":{"line":78,"column":6},"end":{"line":78,"column":80}},"33":{"start":{"line":79,"column":6},"end":{"line":79,"column":34}},"34":{"start":{"line":81,"column":21},"end":{"line":81,"column":44}},"35":{"start":{"line":82,"column":24},"end":{"line":82,"column":45}},"36":{"start":{"line":83,"column":6},"end":{"line":83,"column":24}},"37":{"start":{"line":85,"column":6},"end":{"line":85,"column":117}},"38":{"start":{"line":88,"column":6},"end":{"line":91,"column":7}},"39":{"start":{"line":89,"column":8},"end":{"line":89,"column":59}},"40":{"start":{"line":90,"column":8},"end":{"line":90,"column":17}},"41":{"start":{"line":94,"column":6},"end":{"line":97,"column":7}},"42":{"start":{"line":95,"column":27},"end":{"line":95,"column":116}},"43":{"start":{"line":96,"column":8},"end":{"line":96,"column":66}},"44":{"start":{"line":102,"column":20},"end":{"line":102,"column":45}},"45":{"start":{"line":103,"column":21},"end":{"line":103,"column":123}},"46":{"start":{"line":104,"column":2},"end":{"line":104,"column":71}},"47":{"start":{"line":105,"column":2},"end":{"line":105,"column":60}},"48":{"start":{"line":111,"column":4},"end":{"line":123,"column":5}},"49":{"start":{"line":112,"column":23},"end":{"line":112,"column":77}},"50":{"start":{"line":112,"column":38},"end":{"line":112,"column":65}},"51":{"start":{"line":113,"column":21},"end":{"line":113,"column":210}},"52":{"start":{"line":115,"column":21},"end":{"line":115,"column":55}},"53":{"start":{"line":116,"column":6},"end":{"line":116,"column":74}},"54":{"start":{"line":119,"column":6},"end":{"line":119,"column":93}},"55":{"start":{"line":120,"column":24},"end":{"line":120,"column":36}},"56":{"start":{"line":121,"column":22},"end":{"line":121,"column":83}},"57":{"start":{"line":121,"column":49},"end":{"line":121,"column":57}},"58":{"start":{"line":122,"column":6},"end":{"line":122,"column":199}},"59":{"start":{"line":128,"column":4},"end":{"line":184,"column":5}},"60":{"start":{"line":130,"column":6},"end":{"line":150,"column":7}},"61":{"start":{"line":132,"column":29},"end":{"line":138,"column":9}},"62":{"start":{"line":140,"column":21},"end":{"line":140,"column":85}},"63":{"start":{"line":140,"column":36},"end":{"line":140,"column":60}},"64":{"start":{"line":141,"column":23},"end":{"line":144,"column":14}},"65":{"start":{"line":142,"column":10},"end":{"line":142,"column":103}},"66":{"start":{"line":142,"column":63},"end":{"line":142,"column":98}},"67":{"start":{"line":143,"column":10},"end":{"line":143,"column":21}},"68":{"start":{"line":147,"column":21},"end":{"line":147,"column":74}},"69":{"start":{"line":147,"column":59},"end":{"line":147,"column":70}},"70":{"start":{"line":148,"column":8},"end":{"line":148,"column":48}},"71":{"start":{"line":148,"column":33},"end":{"line":148,"column":48}},"72":{"start":{"line":149,"column":8},"end":{"line":149,"column":25}},"73":{"start":{"line":152,"column":23},"end":{"line":152,"column":77}},"74":{"start":{"line":152,"column":38},"end":{"line":152,"column":65}},"75":{"start":{"line":153,"column":21},"end":{"line":153,"column":257}},"76":{"start":{"line":155,"column":21},"end":{"line":155,"column":54}},"77":{"start":{"line":157,"column":6},"end":{"line":160,"column":7}},"78":{"start":{"line":158,"column":21},"end":{"line":158,"column":62}},"79":{"start":{"line":159,"column":8},"end":{"line":159,"column":60}},"80":{"start":{"line":161,"column":6},"end":{"line":161,"column":28}},"81":{"start":{"line":164,"column":6},"end":{"line":164,"column":95}},"82":{"start":{"line":166,"column":27},"end":{"line":172,"column":7}},"83":{"start":{"line":174,"column":19},"end":{"line":174,"column":83}},"84":{"start":{"line":174,"column":34},"end":{"line":174,"column":58}},"85":{"start":{"line":175,"column":21},"end":{"line":178,"column":12}},"86":{"start":{"line":176,"column":8},"end":{"line":176,"column":101}},"87":{"start":{"line":176,"column":61},"end":{"line":176,"column":96}},"88":{"start":{"line":177,"column":8},"end":{"line":177,"column":19}},"89":{"start":{"line":181,"column":19},"end":{"line":181,"column":72}},"90":{"start":{"line":181,"column":57},"end":{"line":181,"column":68}},"91":{"start":{"line":182,"column":6},"end":{"line":182,"column":46}},"92":{"start":{"line":182,"column":31},"end":{"line":182,"column":46}},"93":{"start":{"line":183,"column":6},"end":{"line":183,"column":23}},"94":{"start":{"line":189,"column":19},"end":{"line":189,"column":134}},"95":{"start":{"line":190,"column":19},"end":{"line":190,"column":53}},"96":{"start":{"line":191,"column":4},"end":{"line":191,"column":72}},"97":{"start":{"line":195,"column":0},"end":{"line":195,"column":31}}},"fnMap":{"0":{"name":"callGemini","decl":{"start":{"line":11,"column":15},"end":{"line":11,"column":25}},"loc":{"start":{"line":11,"column":80},"end":{"line":106,"column":1}},"line":11},"1":{"name":"(anonymous_1)","decl":{"start":{"line":110,"column":2},"end":{"line":110,"column":3}},"loc":{"start":{"line":110,"column":65},"end":{"line":124,"column":3}},"line":110},"2":{"name":"(anonymous_2)","decl":{"start":{"line":112,"column":33},"end":{"line":112,"column":34}},"loc":{"start":{"line":112,"column":38},"end":{"line":112,"column":65}},"line":112},"3":{"name":"(anonymous_3)","decl":{"start":{"line":121,"column":44},"end":{"line":121,"column":45}},"loc":{"start":{"line":121,"column":49},"end":{"line":121,"column":57}},"line":121},"4":{"name":"(anonymous_4)","decl":{"start":{"line":127,"column":2},"end":{"line":127,"column":3}},"loc":{"start":{"line":127,"column":34},"end":{"line":185,"column":3}},"line":127},"5":{"name":"(anonymous_5)","decl":{"start":{"line":140,"column":31},"end":{"line":140,"column":32}},"loc":{"start":{"line":140,"column":36},"end":{"line":140,"column":60}},"line":140},"6":{"name":"(anonymous_6)","decl":{"start":{"line":141,"column":56},"end":{"line":141,"column":57}},"loc":{"start":{"line":141,"column":71},"end":{"line":144,"column":9}},"line":141},"7":{"name":"(anonymous_7)","decl":{"start":{"line":142,"column":48},"end":{"line":142,"column":49}},"loc":{"start":{"line":142,"column":63},"end":{"line":142,"column":98}},"line":142},"8":{"name":"(anonymous_8)","decl":{"start":{"line":147,"column":49},"end":{"line":147,"column":50}},"loc":{"start":{"line":147,"column":59},"end":{"line":147,"column":70}},"line":147},"9":{"name":"(anonymous_9)","decl":{"start":{"line":152,"column":33},"end":{"line":152,"column":34}},"loc":{"start":{"line":152,"column":38},"end":{"line":152,"column":65}},"line":152},"10":{"name":"(anonymous_10)","decl":{"start":{"line":174,"column":29},"end":{"line":174,"column":30}},"loc":{"start":{"line":174,"column":34},"end":{"line":174,"column":58}},"line":174},"11":{"name":"(anonymous_11)","decl":{"start":{"line":175,"column":54},"end":{"line":175,"column":55}},"loc":{"start":{"line":175,"column":69},"end":{"line":178,"column":7}},"line":175},"12":{"name":"(anonymous_12)","decl":{"start":{"line":176,"column":46},"end":{"line":176,"column":47}},"loc":{"start":{"line":176,"column":61},"end":{"line":176,"column":96}},"line":176},"13":{"name":"(anonymous_13)","decl":{"start":{"line":181,"column":47},"end":{"line":181,"column":48}},"loc":{"start":{"line":181,"column":57},"end":{"line":181,"column":68}},"line":181},"14":{"name":"(anonymous_14)","decl":{"start":{"line":188,"column":2},"end":{"line":188,"column":3}},"loc":{"start":{"line":188,"column":51},"end":{"line":192,"column":3}},"line":188}},"branchMap":{"0":{"loc":{"start":{"line":4,"column":21},"end":{"line":4,"column":71}},"type":"binary-expr","locations":[{"start":{"line":4,"column":21},"end":{"line":4,"column":45}},{"start":{"line":4,"column":49},"end":{"line":4,"column":71}}],"line":4},"1":{"loc":{"start":{"line":7,"column":0},"end":{"line":9,"column":1}},"type":"if","locations":[{"start":{"line":7,"column":0},"end":{"line":9,"column":1}},{"start":{},"end":{}}],"line":7},"2":{"loc":{"start":{"line":11,"column":38},"end":{"line":11,"column":59}},"type":"default-arg","locations":[{"start":{"line":11,"column":56},"end":{"line":11,"column":59}}],"line":11},"3":{"loc":{"start":{"line":11,"column":61},"end":{"line":11,"column":78}},"type":"default-arg","locations":[{"start":{"line":11,"column":75},"end":{"line":11,"column":78}}],"line":11},"4":{"loc":{"start":{"line":12,"column":2},"end":{"line":14,"column":3}},"type":"if","locations":[{"start":{"line":12,"column":2},"end":{"line":14,"column":3}},{"start":{},"end":{}}],"line":12},"5":{"loc":{"start":{"line":55,"column":19},"end":{"line":55,"column":34}},"type":"binary-expr","locations":[{"start":{"line":55,"column":19},"end":{"line":55,"column":28}},{"start":{"line":55,"column":32},"end":{"line":55,"column":34}}],"line":55},"6":{"loc":{"start":{"line":58,"column":6},"end":{"line":76,"column":7}},"type":"if","locations":[{"start":{"line":58,"column":6},"end":{"line":76,"column":7}},{"start":{},"end":{}}],"line":58},"7":{"loc":{"start":{"line":58,"column":10},"end":{"line":58,"column":55}},"type":"binary-expr","locations":[{"start":{"line":58,"column":10},"end":{"line":58,"column":25}},{"start":{"line":58,"column":29},"end":{"line":58,"column":55}}],"line":58},"8":{"loc":{"start":{"line":60,"column":8},"end":{"line":63,"column":9}},"type":"if","locations":[{"start":{"line":60,"column":8},"end":{"line":63,"column":9}},{"start":{},"end":{}}],"line":60},"9":{"loc":{"start":{"line":60,"column":12},"end":{"line":60,"column":94}},"type":"binary-expr","locations":[{"start":{"line":60,"column":12},"end":{"line":60,"column":29}},{"start":{"line":60,"column":33},"end":{"line":60,"column":56}},{"start":{"line":60,"column":60},"end":{"line":60,"column":94}}],"line":60},"10":{"loc":{"start":{"line":62,"column":17},"end":{"line":62,"column":77}},"type":"binary-expr","locations":[{"start":{"line":62,"column":17},"end":{"line":62,"column":48}},{"start":{"line":62,"column":52},"end":{"line":62,"column":77}}],"line":62},"11":{"loc":{"start":{"line":65,"column":8},"end":{"line":69,"column":9}},"type":"if","locations":[{"start":{"line":65,"column":8},"end":{"line":69,"column":9}},{"start":{},"end":{}}],"line":65},"12":{"loc":{"start":{"line":65,"column":12},"end":{"line":65,"column":67}},"type":"binary-expr","locations":[{"start":{"line":65,"column":12},"end":{"line":65,"column":29}},{"start":{"line":65,"column":33},"end":{"line":65,"column":67}}],"line":65},"13":{"loc":{"start":{"line":67,"column":10},"end":{"line":67,"column":56}},"type":"if","locations":[{"start":{"line":67,"column":10},"end":{"line":67,"column":56}},{"start":{},"end":{}}],"line":67},"14":{"loc":{"start":{"line":68,"column":10},"end":{"line":68,"column":52}},"type":"if","locations":[{"start":{"line":68,"column":10},"end":{"line":68,"column":52}},{"start":{},"end":{}}],"line":68},"15":{"loc":{"start":{"line":72,"column":8},"end":{"line":75,"column":9}},"type":"if","locations":[{"start":{"line":72,"column":8},"end":{"line":75,"column":9}},{"start":{},"end":{}}],"line":72},"16":{"loc":{"start":{"line":85,"column":73},"end":{"line":85,"column":115}},"type":"binary-expr","locations":[{"start":{"line":85,"column":73},"end":{"line":85,"column":98}},{"start":{"line":85,"column":102},"end":{"line":85,"column":115}}],"line":85},"17":{"loc":{"start":{"line":88,"column":6},"end":{"line":91,"column":7}},"type":"if","locations":[{"start":{"line":88,"column":6},"end":{"line":91,"column":7}},{"start":{},"end":{}}],"line":88},"18":{"loc":{"start":{"line":88,"column":10},"end":{"line":88,"column":60}},"type":"binary-expr","locations":[{"start":{"line":88,"column":10},"end":{"line":88,"column":24}},{"start":{"line":88,"column":28},"end":{"line":88,"column":42}},{"start":{"line":88,"column":46},"end":{"line":88,"column":60}}],"line":88},"19":{"loc":{"start":{"line":94,"column":6},"end":{"line":97,"column":7}},"type":"if","locations":[{"start":{"line":94,"column":6},"end":{"line":97,"column":7}},{"start":{},"end":{}}],"line":94},"20":{"loc":{"start":{"line":94,"column":10},"end":{"line":94,"column":78}},"type":"binary-expr","locations":[{"start":{"line":94,"column":10},"end":{"line":94,"column":24}},{"start":{"line":94,"column":28},"end":{"line":94,"column":42}},{"start":{"line":94,"column":46},"end":{"line":94,"column":60}},{"start":{"line":94,"column":64},"end":{"line":94,"column":78}}],"line":94},"21":{"loc":{"start":{"line":95,"column":27},"end":{"line":95,"column":116}},"type":"binary-expr","locations":[{"start":{"line":95,"column":27},"end":{"line":95,"column":52}},{"start":{"line":95,"column":56},"end":{"line":95,"column":72}},{"start":{"line":95,"column":76},"end":{"line":95,"column":89}},{"start":{"line":95,"column":93},"end":{"line":95,"column":116}}],"line":95},"22":{"loc":{"start":{"line":103,"column":21},"end":{"line":103,"column":123}},"type":"binary-expr","locations":[{"start":{"line":103,"column":21},"end":{"line":103,"column":46}},{"start":{"line":103,"column":50},"end":{"line":103,"column":66}},{"start":{"line":103,"column":70},"end":{"line":103,"column":88}},{"start":{"line":103,"column":92},"end":{"line":103,"column":123}}],"line":103},"23":{"loc":{"start":{"line":116,"column":13},"end":{"line":116,"column":73}},"type":"cond-expr","locations":[{"start":{"line":116,"column":42},"end":{"line":116,"column":48}},{"start":{"line":116,"column":51},"end":{"line":116,"column":73}}],"line":116},"24":{"loc":{"start":{"line":122,"column":89},"end":{"line":122,"column":113}},"type":"cond-expr","locations":[{"start":{"line":122,"column":105},"end":{"line":122,"column":108}},{"start":{"line":122,"column":111},"end":{"line":122,"column":113}}],"line":122},"25":{"loc":{"start":{"line":122,"column":132},"end":{"line":122,"column":167}},"type":"cond-expr","locations":[{"start":{"line":122,"column":151},"end":{"line":122,"column":162}},{"start":{"line":122,"column":165},"end":{"line":122,"column":167}}],"line":122},"26":{"loc":{"start":{"line":130,"column":6},"end":{"line":150,"column":7}},"type":"if","locations":[{"start":{"line":130,"column":6},"end":{"line":150,"column":7}},{"start":{},"end":{}}],"line":130},"27":{"loc":{"start":{"line":142,"column":72},"end":{"line":142,"column":97}},"type":"cond-expr","locations":[{"start":{"line":142,"column":92},"end":{"line":142,"column":93}},{"start":{"line":142,"column":96},"end":{"line":142,"column":97}}],"line":142},"28":{"loc":{"start":{"line":148,"column":8},"end":{"line":148,"column":48}},"type":"if","locations":[{"start":{"line":148,"column":8},"end":{"line":148,"column":48}},{"start":{},"end":{}}],"line":148},"29":{"loc":{"start":{"line":148,"column":12},"end":{"line":148,"column":31}},"type":"binary-expr","locations":[{"start":{"line":148,"column":12},"end":{"line":148,"column":16}},{"start":{"line":148,"column":20},"end":{"line":148,"column":31}}],"line":148},"30":{"loc":{"start":{"line":157,"column":6},"end":{"line":160,"column":7}},"type":"if","locations":[{"start":{"line":157,"column":6},"end":{"line":160,"column":7}},{"start":{},"end":{}}],"line":157},"31":{"loc":{"start":{"line":176,"column":70},"end":{"line":176,"column":95}},"type":"cond-expr","locations":[{"start":{"line":176,"column":90},"end":{"line":176,"column":91}},{"start":{"line":176,"column":94},"end":{"line":176,"column":95}}],"line":176},"32":{"loc":{"start":{"line":182,"column":6},"end":{"line":182,"column":46}},"type":"if","locations":[{"start":{"line":182,"column":6},"end":{"line":182,"column":46}},{"start":{},"end":{}}],"line":182},"33":{"loc":{"start":{"line":182,"column":10},"end":{"line":182,"column":29}},"type":"binary-expr","locations":[{"start":{"line":182,"column":10},"end":{"line":182,"column":14}},{"start":{"line":182,"column":18},"end":{"line":182,"column":29}}],"line":182},"34":{"loc":{"start":{"line":188,"column":40},"end":{"line":188,"column":49}},"type":"default-arg","locations":[{"start":{"line":188,"column":48},"end":{"line":188,"column":49}}],"line":188},"35":{"loc":{"start":{"line":191,"column":11},"end":{"line":191,"column":71}},"type":"cond-expr","locations":[{"start":{"line":191,"column":40},"end":{"line":191,"column":46}},{"start":{"line":191,"column":49},"end":{"line":191,"column":71}}],"line":191}},"s":{"0":3,"1":3,"2":3,"3":3,"4":3,"5":3,"6":0,"7":0,"8":0,"9":0,"10":0,"11":0,"12":0,"13":0,"14":0,"15":0,"16":0,"17":0,"18":0,"19":0,"20":0,"21":0,"22":0,"23":0,"24":0,"25":0,"26":0,"27":0,"28":0,"29":0,"30":0,"31":0,"32":0,"33":0,"34":0,"35":0,"36":0,"37":0,"38":0,"39":0,"40":0,"41":0,"42":0,"43":0,"44":0,"45":0,"46":0,"47":0,"48":0,"49":0,"50":0,"51":0,"52":0,"53":0,"54":0,"55":0,"56":0,"57":0,"58":0,"59":0,"60":0,"61":0,"62":0,"63":0,"64":0,"65":0,"66":0,"67":0,"68":0,"69":0,"70":0,"71":0,"72":0,"73":0,"74":0,"75":0,"76":0,"77":0,"78":0,"79":0,"80":0,"81":0,"82":0,"83":0,"84":0,"85":0,"86":0,"87":0,"88":0,"89":0,"90":0,"91":0,"92":0,"93":0,"94":0,"95":0,"96":0,"97":3},"f":{"0":0,"1":0,"2":0,"3":0,"4":0,"5":0,"6":0,"7":0,"8":0,"9":0,"10":0,"11":0,"12":0,"13":0,"14":0},"b":{"0":[3,3],"1":[3,0],"2":[0],"3":[0],"4":[0,0],"5":[0,0],"6":[0,0],"7":[0,0],"8":[0,0],"9":[0,0,0],"10":[0,0],"11":[0,0],"12":[0,0],"13":[0,0],"14":[0,0],"15":[0,0],"16":[0,0],"17":[0,0],"18":[0,0,0],"19":[0,0],"20":[0,0,0,0],"21":[0,0,0,0],"22":[0,0,0,0],"23":[0,0],"24":[0,0],"25":[0,0],"26":[0,0],"27":[0,0],"28":[0,0],"29":[0,0],"30":[0,0],"31":[0,0],"32":[0,0],"33":[0,0],"34":[0],"35":[0,0]},"_coverageSchema":"1a1c01bbd47fc00a2c39e90264f33305004495a9","hash":"a1781dc3131c820549abc3edacc573dc32bd9e11"}
,"C:\\Users\\Admin\\Documents\\hacktiv8\\phase2\\myproject\\spotai-backend\\src\\services\\spotifyService.js": {"path":"C:\\Users\\Admin\\Documents\\hacktiv8\\phase2\\myproject\\spotai-backend\\src\\services\\spotifyService.js","statementMap":{"0":{"start":{"line":1,"column":14},"end":{"line":1,"column":30}},"1":{"start":{"line":5,"column":4},"end":{"line":5,"column":50}},"2":{"start":{"line":6,"column":4},"end":{"line":6,"column":58}},"3":{"start":{"line":7,"column":4},"end":{"line":7,"column":61}},"4":{"start":{"line":8,"column":4},"end":{"line":8,"column":47}},"5":{"start":{"line":9,"column":4},"end":{"line":9,"column":28}},"6":{"start":{"line":10,"column":4},"end":{"line":10,"column":28}},"7":{"start":{"line":15,"column":4},"end":{"line":39,"column":5}},"8":{"start":{"line":17,"column":6},"end":{"line":19,"column":7}},"9":{"start":{"line":18,"column":8},"end":{"line":18,"column":32}},"10":{"start":{"line":21,"column":23},"end":{"line":30,"column":7}},"11":{"start":{"line":32,"column":6},"end":{"line":32,"column":52}},"12":{"start":{"line":33,"column":6},"end":{"line":33,"column":80}},"13":{"start":{"line":35,"column":6},"end":{"line":35,"column":30}},"14":{"start":{"line":37,"column":6},"end":{"line":37,"column":82}},"15":{"start":{"line":38,"column":6},"end":{"line":38,"column":61}},"16":{"start":{"line":44,"column":4},"end":{"line":71,"column":5}},"17":{"start":{"line":45,"column":20},"end":{"line":45,"column":47}},"18":{"start":{"line":47,"column":23},"end":{"line":56,"column":8}},"19":{"start":{"line":58,"column":6},"end":{"line":67,"column":10}},"20":{"start":{"line":58,"column":54},"end":{"line":67,"column":7}},"21":{"start":{"line":61,"column":39},"end":{"line":61,"column":45}},"22":{"start":{"line":69,"column":6},"end":{"line":69,"column":84}},"23":{"start":{"line":70,"column":6},"end":{"line":70,"column":49}},"24":{"start":{"line":76,"column":4},"end":{"line":99,"column":5}},"25":{"start":{"line":77,"column":20},"end":{"line":77,"column":47}},"26":{"start":{"line":79,"column":23},"end":{"line":83,"column":8}},"27":{"start":{"line":85,"column":20},"end":{"line":85,"column":33}},"28":{"start":{"line":86,"column":6},"end":{"line":95,"column":8}},"29":{"start":{"line":89,"column":39},"end":{"line":89,"column":45}},"30":{"start":{"line":97,"column":6},"end":{"line":97,"column":87}},"31":{"start":{"line":98,"column":6},"end":{"line":98,"column":53}},"32":{"start":{"line":104,"column":4},"end":{"line":130,"column":5}},"33":{"start":{"line":105,"column":20},"end":{"line":105,"column":47}},"34":{"start":{"line":107,"column":23},"end":{"line":115,"column":8}},"35":{"start":{"line":117,"column":6},"end":{"line":126,"column":10}},"36":{"start":{"line":117,"column":48},"end":{"line":126,"column":7}},"37":{"start":{"line":120,"column":39},"end":{"line":120,"column":45}},"38":{"start":{"line":128,"column":6},"end":{"line":128,"column":93}},"39":{"start":{"line":129,"column":6},"end":{"line":129,"column":55}},"40":{"start":{"line":134,"column":0},"end":{"line":134,"column":38}}},"fnMap":{"0":{"name":"(anonymous_0)","decl":{"start":{"line":4,"column":2},"end":{"line":4,"column":3}},"loc":{"start":{"line":4,"column":16},"end":{"line":11,"column":3}},"line":4},"1":{"name":"(anonymous_1)","decl":{"start":{"line":14,"column":2},"end":{"line":14,"column":3}},"loc":{"start":{"line":14,"column":25},"end":{"line":40,"column":3}},"line":14},"2":{"name":"(anonymous_2)","decl":{"start":{"line":43,"column":2},"end":{"line":43,"column":3}},"loc":{"start":{"line":43,"column":40},"end":{"line":72,"column":3}},"line":43},"3":{"name":"(anonymous_3)","decl":{"start":{"line":58,"column":44},"end":{"line":58,"column":45}},"loc":{"start":{"line":58,"column":54},"end":{"line":67,"column":7}},"line":58},"4":{"name":"(anonymous_4)","decl":{"start":{"line":61,"column":34},"end":{"line":61,"column":35}},"loc":{"start":{"line":61,"column":39},"end":{"line":61,"column":45}},"line":61},"5":{"name":"(anonymous_5)","decl":{"start":{"line":75,"column":2},"end":{"line":75,"column":3}},"loc":{"start":{"line":75,"column":26},"end":{"line":100,"column":3}},"line":75},"6":{"name":"(anonymous_6)","decl":{"start":{"line":89,"column":34},"end":{"line":89,"column":35}},"loc":{"start":{"line":89,"column":39},"end":{"line":89,"column":45}},"line":89},"7":{"name":"(anonymous_7)","decl":{"start":{"line":103,"column":2},"end":{"line":103,"column":3}},"loc":{"start":{"line":103,"column":61},"end":{"line":131,"column":3}},"line":103},"8":{"name":"(anonymous_8)","decl":{"start":{"line":117,"column":38},"end":{"line":117,"column":39}},"loc":{"start":{"line":117,"column":48},"end":{"line":126,"column":7}},"line":117},"9":{"name":"(anonymous_9)","decl":{"start":{"line":120,"column":34},"end":{"line":120,"column":35}},"loc":{"start":{"line":120,"column":39},"end":{"line":120,"column":45}},"line":120}},"branchMap":{"0":{"loc":{"start":{"line":17,"column":6},"end":{"line":19,"column":7}},"type":"if","locations":[{"start":{"line":17,"column":6},"end":{"line":19,"column":7}},{"start":{},"end":{}}],"line":17},"1":{"loc":{"start":{"line":17,"column":10},"end":{"line":17,"column":79}},"type":"binary-expr","locations":[{"start":{"line":17,"column":10},"end":{"line":17,"column":26}},{"start":{"line":17,"column":30},"end":{"line":17,"column":46}},{"start":{"line":17,"column":50},"end":{"line":17,"column":79}}],"line":17},"2":{"loc":{"start":{"line":37,"column":43},"end":{"line":37,"column":80}},"type":"binary-expr","locations":[{"start":{"line":37,"column":43},"end":{"line":37,"column":63}},{"start":{"line":37,"column":67},"end":{"line":37,"column":80}}],"line":37},"3":{"loc":{"start":{"line":43,"column":28},"end":{"line":43,"column":38}},"type":"default-arg","locations":[{"start":{"line":43,"column":36},"end":{"line":43,"column":38}}],"line":43},"4":{"loc":{"start":{"line":65,"column":18},"end":{"line":65,"column":52}},"type":"binary-expr","locations":[{"start":{"line":65,"column":18},"end":{"line":65,"column":44}},{"start":{"line":65,"column":48},"end":{"line":65,"column":52}}],"line":65},"5":{"loc":{"start":{"line":69,"column":45},"end":{"line":69,"column":82}},"type":"binary-expr","locations":[{"start":{"line":69,"column":45},"end":{"line":69,"column":65}},{"start":{"line":69,"column":69},"end":{"line":69,"column":82}}],"line":69},"6":{"loc":{"start":{"line":93,"column":18},"end":{"line":93,"column":52}},"type":"binary-expr","locations":[{"start":{"line":93,"column":18},"end":{"line":93,"column":44}},{"start":{"line":93,"column":48},"end":{"line":93,"column":52}}],"line":93},"7":{"loc":{"start":{"line":97,"column":48},"end":{"line":97,"column":85}},"type":"binary-expr","locations":[{"start":{"line":97,"column":48},"end":{"line":97,"column":68}},{"start":{"line":97,"column":72},"end":{"line":97,"column":85}}],"line":97},"8":{"loc":{"start":{"line":103,"column":27},"end":{"line":103,"column":47}},"type":"default-arg","locations":[{"start":{"line":103,"column":40},"end":{"line":103,"column":47}}],"line":103},"9":{"loc":{"start":{"line":103,"column":49},"end":{"line":103,"column":59}},"type":"default-arg","locations":[{"start":{"line":103,"column":57},"end":{"line":103,"column":59}}],"line":103},"10":{"loc":{"start":{"line":124,"column":18},"end":{"line":124,"column":52}},"type":"binary-expr","locations":[{"start":{"line":124,"column":18},"end":{"line":124,"column":44}},{"start":{"line":124,"column":48},"end":{"line":124,"column":52}}],"line":124},"11":{"loc":{"start":{"line":128,"column":54},"end":{"line":128,"column":91}},"type":"binary-expr","locations":[{"start":{"line":128,"column":54},"end":{"line":128,"column":74}},{"start":{"line":128,"column":78},"end":{"line":128,"column":91}}],"line":128}},"s":{"0":4,"1":4,"2":4,"3":4,"4":4,"5":4,"6":4,"7":0,"8":0,"9":0,"10":0,"11":0,"12":0,"13":0,"14":0,"15":0,"16":0,"17":0,"18":0,"19":0,"20":0,"21":0,"22":0,"23":0,"24":0,"25":0,"26":0,"27":0,"28":0,"29":0,"30":0,"31":0,"32":0,"33":0,"34":0,"35":0,"36":0,"37":0,"38":0,"39":0,"40":4},"f":{"0":4,"1":0,"2":0,"3":0,"4":0,"5":0,"6":0,"7":0,"8":0,"9":0},"b":{"0":[0,0],"1":[0,0,0],"2":[0,0],"3":[0],"4":[0,0],"5":[0,0],"6":[0,0],"7":[0,0],"8":[0],"9":[0],"10":[0,0],"11":[0,0]},"_coverageSchema":"1a1c01bbd47fc00a2c39e90264f33305004495a9","hash":"e47922dd3c4a0c0733b92437baee7398b1861732"}
}
