TN:
SF:models\index.js
FN:21,(anonymous_0)
FN:29,(anonymous_1)
FN:34,(anonymous_2)
FNF:3
FNH:3
FNDA:16,(anonymous_0)
FNDA:12,(anonymous_1)
FNDA:12,(anonymous_2)
DA:3,4
DA:4,4
DA:5,4
DA:6,4
DA:7,4
DA:8,4
DA:9,4
DA:10,4
DA:13,4
DA:14,0
DA:16,4
DA:19,4
DA:22,16
DA:30,12
DA:31,12
DA:34,4
DA:35,12
DA:36,12
DA:40,4
DA:41,4
DA:43,4
LF:21
LH:20
BRDA:8,0,0,4
BRDA:8,0,1,0
BRDA:13,1,0,0
BRDA:13,1,1,4
BRDA:23,2,0,16
BRDA:23,2,1,16
BRDA:23,2,2,12
BRDA:23,2,3,12
BRDA:35,3,0,12
BRDA:35,3,1,0
BRF:10
BRH:7
end_of_record
TN:
SF:models\playlist.js
FN:4,(anonymous_0)
FN:6,(anonymous_1)
FNF:2
FNH:2
FNDA:4,(anonymous_0)
FNDA:4,(anonymous_1)
DA:2,4
DA:4,4
DA:7,4
DA:11,4
DA:18,4
DA:36,4
LF:6
LH:6
BRF:0
BRH:0
end_of_record
TN:
SF:models\song.js
FN:4,(anonymous_0)
FN:6,(anonymous_1)
FNF:2
FNH:2
FNDA:4,(anonymous_0)
FNDA:4,(anonymous_1)
DA:2,4
DA:4,4
DA:7,4
DA:14,4
DA:37,4
LF:5
LH:5
BRF:0
BRH:0
end_of_record
TN:
SF:models\user.js
FN:4,(anonymous_0)
FN:6,(anonymous_1)
FNF:2
FNH:2
FNDA:4,(anonymous_0)
FNDA:4,(anonymous_1)
DA:2,4
DA:4,4
DA:7,4
DA:14,4
DA:42,4
LF:5
LH:5
BRF:0
BRH:0
end_of_record
TN:
SF:src\app.js
FN:10,(anonymous_0)
FN:25,(anonymous_1)
FN:41,(anonymous_2)
FNF:3
FNH:1
FNDA:33,(anonymous_0)
FNDA:0,(anonymous_1)
FNDA:0,(anonymous_2)
DA:1,4
DA:2,4
DA:3,4
DA:5,4
DA:8,4
DA:9,4
DA:12,33
DA:13,0
DA:14,0
DA:16,0
DA:21,4
DA:22,4
DA:25,4
DA:26,0
DA:29,4
DA:30,4
DA:31,4
DA:32,4
DA:33,4
DA:36,4
DA:39,4
DA:40,0
DA:41,0
DA:42,0
DA:46,4
LF:25
LH:18
BRDA:12,0,0,33
BRDA:12,0,1,0
BRDA:13,1,0,0
BRDA:13,1,1,0
BRDA:39,2,0,0
BRDA:39,2,1,4
BRDA:40,3,0,0
BRDA:40,3,1,0
BRF:8
BRH:2
end_of_record
TN:
SF:src\controllers\aiController.js
FN:6,(anonymous_0)
FN:46,(anonymous_1)
FN:86,(anonymous_2)
FNF:3
FNH:2
FNDA:3,(anonymous_0)
FNDA:4,(anonymous_1)
FNDA:0,(anonymous_2)
DA:1,4
DA:2,4
DA:7,3
DA:8,3
DA:10,3
DA:17,3
DA:18,1
DA:21,2
DA:22,0
DA:25,2
DA:26,0
DA:30,2
DA:32,2
DA:37,1
DA:39,1
DA:41,2
DA:47,4
DA:48,4
DA:50,4
DA:57,4
DA:58,1
DA:61,3
DA:62,0
DA:65,3
DA:66,1
DA:70,2
DA:72,2
DA:75,2
DA:77,2
DA:79,2
DA:81,2
DA:87,0
DA:88,0
DA:90,0
DA:91,0
DA:94,0
DA:96,0
DA:98,0
DA:103,4
LF:39
LH:29
BRDA:17,0,0,1
BRDA:17,0,1,2
BRDA:21,1,0,0
BRDA:21,1,1,2
BRDA:25,2,0,0
BRDA:25,2,1,2
BRDA:57,3,0,1
BRDA:57,3,1,3
BRDA:61,4,0,0
BRDA:61,4,1,3
BRDA:65,5,0,1
BRDA:65,5,1,2
BRDA:90,6,0,0
BRDA:90,6,1,0
BRF:14
BRH:9
end_of_record
TN:
SF:src\controllers\authController.js
FN:5,(anonymous_0)
FN:15,(anonymous_1)
FN:43,(anonymous_2)
FNF:3
FNH:2
FNDA:1,(anonymous_0)
FNDA:0,(anonymous_1)
FNDA:1,(anonymous_2)
DA:1,4
DA:6,1
DA:7,1
DA:8,1
DA:10,0
DA:16,0
DA:17,0
DA:19,0
DA:20,0
DA:24,0
DA:27,0
DA:30,0
DA:33,0
DA:36,0
DA:38,0
DA:44,1
DA:45,1
DA:46,1
DA:50,1
DA:52,0
DA:57,4
LF:21
LH:9
BRDA:19,0,0,0
BRDA:19,0,1,0
BRF:2
BRH:0
end_of_record
TN:
SF:src\controllers\playlistController.js
FN:5,(anonymous_0)
FN:28,(anonymous_1)
FN:58,(anonymous_2)
FN:82,(anonymous_3)
FN:108,(anonymous_4)
FNF:5
FNH:5
FNDA:1,(anonymous_0)
FNDA:2,(anonymous_1)
FNDA:2,(anonymous_2)
FNDA:1,(anonymous_3)
FNDA:1,(anonymous_4)
DA:1,4
DA:6,1
DA:7,1
DA:9,1
DA:21,1
DA:23,0
DA:29,2
DA:30,2
DA:32,2
DA:47,2
DA:48,1
DA:51,1
DA:53,1
DA:59,2
DA:60,2
DA:61,2
DA:63,2
DA:64,1
DA:67,1
DA:75,1
DA:77,1
DA:83,1
DA:84,1
DA:85,1
DA:87,1
DA:89,1
DA:90,0
DA:93,1
DA:101,1
DA:103,0
DA:109,1
DA:110,1
DA:112,1
DA:114,1
DA:115,0
DA:118,1
DA:120,1
DA:122,0
DA:127,4
LF:39
LH:34
BRDA:47,0,0,1
BRDA:47,0,1,1
BRDA:63,1,0,1
BRDA:63,1,1,1
BRDA:71,2,0,1
BRDA:71,2,1,1
BRDA:89,3,0,0
BRDA:89,3,1,1
BRDA:94,4,0,1
BRDA:94,4,1,0
BRDA:95,5,0,1
BRDA:95,5,1,0
BRDA:96,6,0,1
BRDA:96,6,1,1
BRDA:97,7,0,1
BRDA:97,7,1,1
BRDA:98,8,0,0
BRDA:98,8,1,1
BRDA:114,9,0,0
BRDA:114,9,1,1
BRF:20
BRH:15
end_of_record
TN:
SF:src\controllers\songController.js
FN:5,(anonymous_0)
FN:26,(anonymous_1)
FN:63,(anonymous_2)
FN:97,(anonymous_3)
FNF:4
FNH:3
FNDA:0,(anonymous_0)
FNDA:3,(anonymous_1)
FNDA:2,(anonymous_2)
FNDA:2,(anonymous_3)
DA:1,4
DA:6,0
DA:7,0
DA:9,0
DA:10,0
DA:11,0
DA:14,0
DA:19,0
DA:21,0
DA:27,3
DA:28,3
DA:29,3
DA:32,3
DA:33,3
DA:34,1
DA:37,2
DA:38,0
DA:41,2
DA:42,1
DA:45,1
DA:56,1
DA:58,2
DA:64,2
DA:65,2
DA:66,2
DA:68,2
DA:75,2
DA:76,1
DA:80,1
DA:81,0
DA:84,1
DA:90,1
DA:92,1
DA:98,2
DA:99,2
DA:101,2
DA:108,2
DA:109,1
DA:113,1
DA:114,0
DA:117,1
DA:119,1
DA:121,1
DA:126,4
LF:44
LH:33
BRDA:10,0,0,0
BRDA:10,0,1,0
BRDA:33,1,0,1
BRDA:33,1,1,2
BRDA:37,2,0,0
BRDA:37,2,1,2
BRDA:41,3,0,1
BRDA:41,3,1,1
BRDA:41,4,0,2
BRDA:41,4,1,2
BRDA:52,5,0,1
BRDA:52,5,1,1
BRDA:75,6,0,1
BRDA:75,6,1,1
BRDA:80,7,0,0
BRDA:80,7,1,1
BRDA:85,8,0,1
BRDA:85,8,1,0
BRDA:86,9,0,1
BRDA:86,9,1,0
BRDA:87,10,0,0
BRDA:87,10,1,1
BRDA:108,11,0,1
BRDA:108,11,1,1
BRDA:113,12,0,0
BRDA:113,12,1,1
BRF:26
BRH:18
end_of_record
TN:
SF:src\controllers\spotifyController.js
FN:5,(anonymous_0)
FN:22,(anonymous_1)
FN:35,(anonymous_2)
FNF:3
FNH:1
FNDA:1,(anonymous_0)
FNDA:0,(anonymous_1)
FNDA:0,(anonymous_2)
DA:1,4
DA:6,1
DA:7,1
DA:9,1
DA:10,1
DA:13,0
DA:15,0
DA:17,1
DA:23,0
DA:24,0
DA:26,0
DA:28,0
DA:30,0
DA:36,0
DA:37,0
DA:39,0
DA:40,0
DA:42,0
DA:44,0
DA:49,4
LF:20
LH:7
BRDA:7,0,0,1
BRDA:9,1,0,1
BRDA:9,1,1,0
BRDA:37,2,0,0
BRDA:37,3,0,0
BRF:5
BRH:2
end_of_record
TN:
SF:src\middlewares\authentication.js
FN:4,authentication
FNF:1
FNH:1
FNDA:32,authentication
DA:1,4
DA:2,4
DA:5,32
DA:6,32
DA:8,32
DA:9,7
DA:12,25
DA:13,25
DA:15,25
DA:16,25
DA:17,0
DA:20,25
DA:26,25
DA:28,7
DA:32,4
LF:15
LH:14
BRDA:8,0,0,7
BRDA:8,0,1,25
BRDA:16,1,0,0
BRDA:16,1,1,25
BRF:4
BRH:3
end_of_record
TN:
SF:src\middlewares\authorization.js
FN:3,authorizePlaylistOwner
FNF:1
FNH:1
FNDA:4,authorizePlaylistOwner
DA:1,4
DA:4,4
DA:5,4
DA:6,4
DA:8,4
DA:10,4
DA:11,2
DA:14,2
DA:15,0
DA:18,2
DA:20,2
DA:24,4
LF:12
LH:11
BRDA:10,0,0,2
BRDA:10,0,1,2
BRDA:14,1,0,0
BRDA:14,1,1,2
BRF:4
BRH:3
end_of_record
TN:
SF:src\middlewares\errorHandler.js
FN:1,errorHandler
FNF:1
FNH:1
FNDA:20,errorHandler
DA:2,20
DA:3,20
DA:5,20
DA:7,20
DA:10,0
DA:11,0
DA:12,0
DA:15,7
DA:16,7
DA:17,7
DA:19,0
DA:20,0
DA:21,0
DA:23,8
DA:24,8
DA:25,8
DA:27,4
DA:28,4
DA:29,4
DA:32,20
DA:35,4
LF:21
LH:15
BRDA:7,0,0,0
BRDA:7,0,1,0
BRDA:7,0,2,0
BRDA:7,0,3,7
BRDA:7,0,4,0
BRDA:7,0,5,8
BRDA:7,0,6,4
BRDA:16,1,0,7
BRDA:16,1,1,0
BRF:9
BRH:4
end_of_record
TN:
SF:src\models\index.js
FNF:0
FNH:0
DA:1,4
LF:1
LH:1
BRF:0
BRH:0
end_of_record
TN:
SF:src\routes\aiRoutes.js
FNF:0
FNH:0
DA:1,4
DA:2,4
DA:3,4
DA:4,4
DA:6,4
DA:8,4
DA:9,4
DA:10,4
DA:12,4
LF:9
LH:9
BRF:0
BRH:0
end_of_record
TN:
SF:src\routes\authRoutes.js
FNF:0
FNH:0
DA:1,4
DA:2,4
DA:3,4
DA:4,4
DA:6,4
DA:7,4
DA:8,4
DA:10,4
LF:8
LH:8
BRF:0
BRH:0
end_of_record
TN:
SF:src\routes\playlistRoutes.js
FNF:0
FNH:0
DA:1,4
DA:2,4
DA:3,4
DA:4,4
DA:5,4
DA:8,4
DA:10,4
DA:11,4
DA:12,4
DA:13,4
DA:14,4
DA:16,4
LF:12
LH:12
BRF:0
BRH:0
end_of_record
TN:
SF:src\routes\songRoutes.js
FNF:0
FNH:0
DA:1,4
DA:2,4
DA:3,4
DA:4,4
DA:6,4
DA:8,4
DA:9,4
DA:10,4
DA:11,4
DA:13,4
LF:10
LH:10
BRF:0
BRH:0
end_of_record
TN:
SF:src\routes\spotifyRoutes.js
FNF:0
FNH:0
DA:1,4
DA:2,4
DA:3,4
DA:4,4
DA:6,4
DA:8,4
DA:9,4
DA:10,4
DA:12,4
LF:9
LH:9
BRF:0
BRH:0
end_of_record
TN:
SF:src\services\authService.js
FN:7,(anonymous_0)
FN:26,(anonymous_1)
FN:49,(anonymous_2)
FN:66,(anonymous_3)
FN:82,(anonymous_4)
FN:95,(anonymous_5)
FNF:6
FNH:3
FNDA:1,(anonymous_0)
FNDA:0,(anonymous_1)
FNDA:0,(anonymous_2)
FNDA:0,(anonymous_3)
FNDA:4,(anonymous_4)
FNDA:25,(anonymous_5)
DA:1,4
DA:2,4
DA:3,4
DA:8,1
DA:9,1
DA:21,1
DA:22,1
DA:27,0
DA:28,0
DA:36,0
DA:37,0
DA:42,0
DA:44,0
DA:50,0
DA:51,0
DA:59,0
DA:61,0
DA:67,0
DA:78,0
DA:83,4
DA:96,25
DA:97,25
DA:99,0
DA:104,4
LF:24
LH:11
BRF:0
BRH:0
end_of_record
TN:
SF:src\services\openaiService.js
FN:11,callGemini
FN:110,(anonymous_1)
FN:112,(anonymous_2)
FN:121,(anonymous_3)
FN:127,(anonymous_4)
FN:140,(anonymous_5)
FN:141,(anonymous_6)
FN:142,(anonymous_7)
FN:147,(anonymous_8)
FN:152,(anonymous_9)
FN:174,(anonymous_10)
FN:175,(anonymous_11)
FN:176,(anonymous_12)
FN:181,(anonymous_13)
FN:188,(anonymous_14)
FNF:15
FNH:0
FNDA:0,callGemini
FNDA:0,(anonymous_1)
FNDA:0,(anonymous_2)
FNDA:0,(anonymous_3)
FNDA:0,(anonymous_4)
FNDA:0,(anonymous_5)
FNDA:0,(anonymous_6)
FNDA:0,(anonymous_7)
FNDA:0,(anonymous_8)
FNDA:0,(anonymous_9)
FNDA:0,(anonymous_10)
FNDA:0,(anonymous_11)
FNDA:0,(anonymous_12)
FNDA:0,(anonymous_13)
FNDA:0,(anonymous_14)
DA:1,3
DA:3,3
DA:4,3
DA:5,3
DA:7,3
DA:8,3
DA:12,0
DA:13,0
DA:17,0
DA:24,0
DA:26,0
DA:28,0
DA:33,0
DA:44,0
DA:46,0
DA:47,0
DA:48,0
DA:55,0
DA:58,0
DA:59,0
DA:60,0
DA:61,0
DA:62,0
DA:65,0
DA:67,0
DA:68,0
DA:71,0
DA:72,0
DA:73,0
DA:74,0
DA:78,0
DA:79,0
DA:81,0
DA:82,0
DA:83,0
DA:85,0
DA:88,0
DA:89,0
DA:90,0
DA:94,0
DA:95,0
DA:96,0
DA:102,0
DA:103,0
DA:104,0
DA:105,0
DA:111,0
DA:112,0
DA:113,0
DA:115,0
DA:116,0
DA:119,0
DA:120,0
DA:121,0
DA:122,0
DA:128,0
DA:130,0
DA:132,0
DA:140,0
DA:141,0
DA:142,0
DA:143,0
DA:147,0
DA:148,0
DA:149,0
DA:152,0
DA:153,0
DA:155,0
DA:157,0
DA:158,0
DA:159,0
DA:161,0
DA:164,0
DA:166,0
DA:174,0
DA:175,0
DA:176,0
DA:177,0
DA:181,0
DA:182,0
DA:183,0
DA:189,0
DA:190,0
DA:191,0
DA:195,3
LF:85
LH:7
BRDA:4,0,0,3
BRDA:4,0,1,3
BRDA:7,1,0,3
BRDA:7,1,1,0
BRDA:11,2,0,0
BRDA:11,3,0,0
BRDA:12,4,0,0
BRDA:12,4,1,0
BRDA:55,5,0,0
BRDA:55,5,1,0
BRDA:58,6,0,0
BRDA:58,6,1,0
BRDA:58,7,0,0
BRDA:58,7,1,0
BRDA:60,8,0,0
BRDA:60,8,1,0
BRDA:60,9,0,0
BRDA:60,9,1,0
BRDA:60,9,2,0
BRDA:62,10,0,0
BRDA:62,10,1,0
BRDA:65,11,0,0
BRDA:65,11,1,0
BRDA:65,12,0,0
BRDA:65,12,1,0
BRDA:67,13,0,0
BRDA:67,13,1,0
BRDA:68,14,0,0
BRDA:68,14,1,0
BRDA:72,15,0,0
BRDA:72,15,1,0
BRDA:85,16,0,0
BRDA:85,16,1,0
BRDA:88,17,0,0
BRDA:88,17,1,0
BRDA:88,18,0,0
BRDA:88,18,1,0
BRDA:88,18,2,0
BRDA:94,19,0,0
BRDA:94,19,1,0
BRDA:94,20,0,0
BRDA:94,20,1,0
BRDA:94,20,2,0
BRDA:94,20,3,0
BRDA:95,21,0,0
BRDA:95,21,1,0
BRDA:95,21,2,0
BRDA:95,21,3,0
BRDA:103,22,0,0
BRDA:103,22,1,0
BRDA:103,22,2,0
BRDA:103,22,3,0
BRDA:116,23,0,0
BRDA:116,23,1,0
BRDA:122,24,0,0
BRDA:122,24,1,0
BRDA:122,25,0,0
BRDA:122,25,1,0
BRDA:130,26,0,0
BRDA:130,26,1,0
BRDA:142,27,0,0
BRDA:142,27,1,0
BRDA:148,28,0,0
BRDA:148,28,1,0
BRDA:148,29,0,0
BRDA:148,29,1,0
BRDA:157,30,0,0
BRDA:157,30,1,0
BRDA:176,31,0,0
BRDA:176,31,1,0
BRDA:182,32,0,0
BRDA:182,32,1,0
BRDA:182,33,0,0
BRDA:182,33,1,0
BRDA:188,34,0,0
BRDA:191,35,0,0
BRDA:191,35,1,0
BRF:77
BRH:3
end_of_record
TN:
SF:src\services\spotifyService.js
FN:4,(anonymous_0)
FN:14,(anonymous_1)
FN:43,(anonymous_2)
FN:58,(anonymous_3)
FN:61,(anonymous_4)
FN:75,(anonymous_5)
FN:89,(anonymous_6)
FN:103,(anonymous_7)
FN:117,(anonymous_8)
FN:120,(anonymous_9)
FNF:10
FNH:1
FNDA:4,(anonymous_0)
FNDA:0,(anonymous_1)
FNDA:0,(anonymous_2)
FNDA:0,(anonymous_3)
FNDA:0,(anonymous_4)
FNDA:0,(anonymous_5)
FNDA:0,(anonymous_6)
FNDA:0,(anonymous_7)
FNDA:0,(anonymous_8)
FNDA:0,(anonymous_9)
DA:1,4
DA:5,4
DA:6,4
DA:7,4
DA:8,4
DA:9,4
DA:10,4
DA:15,0
DA:17,0
DA:18,0
DA:21,0
DA:32,0
DA:33,0
DA:35,0
DA:37,0
DA:38,0
DA:44,0
DA:45,0
DA:47,0
DA:58,0
DA:61,0
DA:69,0
DA:70,0
DA:76,0
DA:77,0
DA:79,0
DA:85,0
DA:86,0
DA:89,0
DA:97,0
DA:98,0
DA:104,0
DA:105,0
DA:107,0
DA:117,0
DA:120,0
DA:128,0
DA:129,0
DA:134,4
LF:39
LH:8
BRDA:17,0,0,0
BRDA:17,0,1,0
BRDA:17,1,0,0
BRDA:17,1,1,0
BRDA:17,1,2,0
BRDA:37,2,0,0
BRDA:37,2,1,0
BRDA:43,3,0,0
BRDA:65,4,0,0
BRDA:65,4,1,0
BRDA:69,5,0,0
BRDA:69,5,1,0
BRDA:93,6,0,0
BRDA:93,6,1,0
BRDA:97,7,0,0
BRDA:97,7,1,0
BRDA:103,8,0,0
BRDA:103,9,0,0
BRDA:124,10,0,0
BRDA:124,10,1,0
BRDA:128,11,0,0
BRDA:128,11,1,0
BRF:22
BRH:0
end_of_record
